{
  "stats": {
    "suites": 4,
    "tests": 8,
    "passes": 2,
    "pending": 0,
    "failures": 6,
    "start": "2024-06-24T18:23:34.324Z",
    "end": "2024-06-24T18:23:37.817Z",
    "duration": 3493,
    "testsRegistered": 8,
    "passPercent": 25,
    "pendingPercent": 0,
    "other": 0,
    "hasOther": false,
    "skipped": 0,
    "hasSkipped": false
  },
  "results": [
    {
      "uuid": "5fe32729-ddc8-45ad-a0b7-8631811830ce",
      "title": "",
      "fullFile": "cypress\\integration\\contactList.spec.js",
      "file": "cypress\\integration\\contactList.spec.js",
      "beforeHooks": [],
      "afterHooks": [],
      "tests": [],
      "suites": [
        {
          "uuid": "8175767e-2268-4537-a595-33007e590123",
          "title": "Contact Management",
          "fullFile": "",
          "file": "",
          "beforeHooks": [],
          "afterHooks": [],
          "tests": [],
          "suites": [
            {
              "uuid": "57b90c3a-431d-453b-84fe-6b05ddafe574",
              "title": "Add New Contact",
              "fullFile": "",
              "file": "",
              "beforeHooks": [],
              "afterHooks": [],
              "tests": [
                {
                  "title": "should allow a user to add a new contact with valid details",
                  "fullTitle": "Contact Management Add New Contact should allow a user to add a new contact with valid details",
                  "timedOut": null,
                  "duration": 161,
                  "state": "failed",
                  "speed": null,
                  "pass": false,
                  "fail": true,
                  "pending": false,
                  "context": "{\n  \"title\": \"cypress-mochawesome-reporter-screenshots\",\n  \"value\": [\n    [\n      \"\\\\contactList.spec.js\\\\Contact Management -- Add New Contact -- should allow a user to add a new contact with valid details (failed).png\"\n    ],\n    [\n      \"\\\\contactList.spec.js\\\\Contact Management -- Add New Contact -- should allow a user to add a new contact with valid details (failed) (attempt 2).png\"\n    ],\n    [\n      \"\\\\contactList.spec.js\\\\Contact Management -- Add New Contact -- should allow a user to add a new contact with valid details (failed) (attempt 3).png\"\n    ]\n  ]\n}",
                  "code": "cy.addContact('Shivani', '1234567890', 'shivani@example.com');\ncy.contains('Contact added successfully').should('be.visible');",
                  "err": {
                    "message": "TypeError: cy.addContact is not a function",
                    "estack": "TypeError: cy.addContact is not a function\n    at Context.eval (webpack://cypress-realworld-app/./cypress/integration/contactList.spec.js:14:11)",
                    "diff": null
                  },
                  "uuid": "bfc8aedb-5e9a-4314-be64-9fc083556729",
                  "parentUUID": "57b90c3a-431d-453b-84fe-6b05ddafe574",
                  "isHook": false,
                  "skipped": false
                },
                {
                  "title": "should show an error message for missing name",
                  "fullTitle": "Contact Management Add New Contact should show an error message for missing name",
                  "timedOut": null,
                  "duration": 160,
                  "state": "failed",
                  "speed": null,
                  "pass": false,
                  "fail": true,
                  "pending": false,
                  "context": "{\n  \"title\": \"cypress-mochawesome-reporter-screenshots\",\n  \"value\": [\n    [\n      \"\\\\contactList.spec.js\\\\Contact Management -- Add New Contact -- should show an error message for missing name (failed).png\"\n    ],\n    [\n      \"\\\\contactList.spec.js\\\\Contact Management -- Add New Contact -- should show an error message for missing name (failed) (attempt 2).png\"\n    ],\n    [\n      \"\\\\contactList.spec.js\\\\Contact Management -- Add New Contact -- should show an error message for missing name (failed) (attempt 3).png\"\n    ]\n  ]\n}",
                  "code": "cy.addContact('', '1234567890', 'shivani@example.com');\ncy.contains('Name is required').should('be.visible');",
                  "err": {
                    "message": "TypeError: cy.addContact is not a function",
                    "estack": "TypeError: cy.addContact is not a function\n    at Context.eval (webpack://cypress-realworld-app/./cypress/integration/contactList.spec.js:20:11)",
                    "diff": null
                  },
                  "uuid": "4e1ff494-b1e0-4866-a79f-1914c856e6e8",
                  "parentUUID": "57b90c3a-431d-453b-84fe-6b05ddafe574",
                  "isHook": false,
                  "skipped": false
                },
                {
                  "title": "should show an error message for invalid email",
                  "fullTitle": "Contact Management Add New Contact should show an error message for invalid email",
                  "timedOut": null,
                  "duration": 155,
                  "state": "failed",
                  "speed": null,
                  "pass": false,
                  "fail": true,
                  "pending": false,
                  "context": "{\n  \"title\": \"cypress-mochawesome-reporter-screenshots\",\n  \"value\": [\n    [\n      \"\\\\contactList.spec.js\\\\Contact Management -- Add New Contact -- should show an error message for invalid email (failed).png\"\n    ],\n    [\n      \"\\\\contactList.spec.js\\\\Contact Management -- Add New Contact -- should show an error message for invalid email (failed) (attempt 2).png\"\n    ],\n    [\n      \"\\\\contactList.spec.js\\\\Contact Management -- Add New Contact -- should show an error message for invalid email (failed) (attempt 3).png\"\n    ]\n  ]\n}",
                  "code": "cy.addContact('Shivani', '1234567890', 'shivaniexample.com');\ncy.contains('Email is invalid').should('be.visible');",
                  "err": {
                    "message": "TypeError: cy.addContact is not a function",
                    "estack": "TypeError: cy.addContact is not a function\n    at Context.eval (webpack://cypress-realworld-app/./cypress/integration/contactList.spec.js:26:11)",
                    "diff": null
                  },
                  "uuid": "d21d8e15-8001-450a-9a7f-00ba06185705",
                  "parentUUID": "57b90c3a-431d-453b-84fe-6b05ddafe574",
                  "isHook": false,
                  "skipped": false
                },
                {
                  "title": "should show an error message for missing phone number",
                  "fullTitle": "Contact Management Add New Contact should show an error message for missing phone number",
                  "timedOut": null,
                  "duration": 156,
                  "state": "failed",
                  "speed": null,
                  "pass": false,
                  "fail": true,
                  "pending": false,
                  "context": "{\n  \"title\": \"cypress-mochawesome-reporter-screenshots\",\n  \"value\": [\n    [\n      \"\\\\contactList.spec.js\\\\Contact Management -- Add New Contact -- should show an error message for missing phone number (failed).png\"\n    ],\n    [\n      \"\\\\contactList.spec.js\\\\Contact Management -- Add New Contact -- should show an error message for missing phone number (failed) (attempt 2).png\"\n    ],\n    [\n      \"\\\\contactList.spec.js\\\\Contact Management -- Add New Contact -- should show an error message for missing phone number (failed) (attempt 3).png\"\n    ]\n  ]\n}",
                  "code": "cy.addContact('Shivani', '', 'shivani@example.com');\ncy.contains('Phone number is required').should('be.visible');",
                  "err": {
                    "message": "TypeError: cy.addContact is not a function",
                    "estack": "TypeError: cy.addContact is not a function\n    at Context.eval (webpack://cypress-realworld-app/./cypress/integration/contactList.spec.js:32:11)",
                    "diff": null
                  },
                  "uuid": "83b0973d-c74c-46a1-842b-970e2189c957",
                  "parentUUID": "57b90c3a-431d-453b-84fe-6b05ddafe574",
                  "isHook": false,
                  "skipped": false
                }
              ],
              "suites": [],
              "passes": [],
              "failures": [
                "bfc8aedb-5e9a-4314-be64-9fc083556729",
                "4e1ff494-b1e0-4866-a79f-1914c856e6e8",
                "d21d8e15-8001-450a-9a7f-00ba06185705",
                "83b0973d-c74c-46a1-842b-970e2189c957"
              ],
              "pending": [],
              "skipped": [],
              "duration": 632,
              "root": false,
              "rootEmpty": false,
              "_timeout": 2000
            },
            {
              "uuid": "990dc573-57ab-47f8-b71f-d1abda03a5ad",
              "title": "Contact List Updation",
              "fullFile": "",
              "file": "",
              "beforeHooks": [],
              "afterHooks": [],
              "tests": [
                {
                  "title": "should display the added contact in the list",
                  "fullTitle": "Contact Management Contact List Updation should display the added contact in the list",
                  "timedOut": null,
                  "duration": 173,
                  "state": "failed",
                  "speed": null,
                  "pass": false,
                  "fail": true,
                  "pending": false,
                  "context": "{\n  \"title\": \"cypress-mochawesome-reporter-screenshots\",\n  \"value\": [\n    [\n      \"\\\\contactList.spec.js\\\\Contact Management -- Contact List Updation -- should display the added contact in the list (failed).png\"\n    ],\n    [\n      \"\\\\contactList.spec.js\\\\Contact Management -- Contact List Updation -- should display the added contact in the list (failed) (attempt 2).png\"\n    ],\n    [\n      \"\\\\contactList.spec.js\\\\Contact Management -- Contact List Updation -- should display the added contact in the list (failed) (attempt 3).png\"\n    ]\n  ]\n}",
                  "code": "cy.addContact('Shivani', '1234567890', 'shivani@example.com');\ncy.visit(`${baseUrl}/contacts`);\ncy.contains('Shivani').should('be.visible');",
                  "err": {
                    "message": "TypeError: cy.addContact is not a function",
                    "estack": "TypeError: cy.addContact is not a function\n    at Context.eval (webpack://cypress-realworld-app/./cypress/integration/contactList.spec.js:41:11)",
                    "diff": null
                  },
                  "uuid": "085e2e0a-06fb-4028-aa8a-907bd6cc664c",
                  "parentUUID": "990dc573-57ab-47f8-b71f-d1abda03a5ad",
                  "isHook": false,
                  "skipped": false
                },
                {
                  "title": "should not display the contact in the list due to a system error",
                  "fullTitle": "Contact Management Contact List Updation should not display the contact in the list due to a system error",
                  "timedOut": null,
                  "duration": 25,
                  "state": "passed",
                  "speed": "fast",
                  "pass": true,
                  "fail": false,
                  "pending": false,
                  "context": null,
                  "code": "// Simulate a system error scenario\n// This is usually done by manipulating the backend or using mock data",
                  "err": {},
                  "uuid": "011b8b02-bfba-418b-a109-ff9afe2f1aca",
                  "parentUUID": "990dc573-57ab-47f8-b71f-d1abda03a5ad",
                  "isHook": false,
                  "skipped": false
                }
              ],
              "suites": [],
              "passes": [
                "011b8b02-bfba-418b-a109-ff9afe2f1aca"
              ],
              "failures": [
                "085e2e0a-06fb-4028-aa8a-907bd6cc664c"
              ],
              "pending": [],
              "skipped": [],
              "duration": 198,
              "root": false,
              "rootEmpty": false,
              "_timeout": 2000
            },
            {
              "uuid": "26f7ac43-8a44-41a0-80cf-bd71929538c1",
              "title": "Contact Details Display",
              "fullFile": "",
              "file": "",
              "beforeHooks": [],
              "afterHooks": [],
              "tests": [
                {
                  "title": "should display correct contact details",
                  "fullTitle": "Contact Management Contact Details Display should display correct contact details",
                  "timedOut": null,
                  "duration": 181,
                  "state": "failed",
                  "speed": null,
                  "pass": false,
                  "fail": true,
                  "pending": false,
                  "context": "{\n  \"title\": \"cypress-mochawesome-reporter-screenshots\",\n  \"value\": [\n    [\n      \"\\\\contactList.spec.js\\\\Contact Management -- Contact Details Display -- should display correct contact details (failed).png\"\n    ],\n    [\n      \"\\\\contactList.spec.js\\\\Contact Management -- Contact Details Display -- should display correct contact details (failed) (attempt 2).png\"\n    ],\n    [\n      \"\\\\contactList.spec.js\\\\Contact Management -- Contact Details Display -- should display correct contact details (failed) (attempt 3).png\"\n    ]\n  ]\n}",
                  "code": "cy.addContact('Shivani', '1234567890', 'shivani@example.com');\ncy.checkContactDetails('Shivani', '1234567890', 'shivani@example.com');",
                  "err": {
                    "message": "TypeError: cy.addContact is not a function",
                    "estack": "TypeError: cy.addContact is not a function\n    at Context.eval (webpack://cypress-realworld-app/./cypress/integration/contactList.spec.js:57:11)",
                    "diff": null
                  },
                  "uuid": "b0ce1df1-255f-4c8f-96f0-ba3db8c918e8",
                  "parentUUID": "26f7ac43-8a44-41a0-80cf-bd71929538c1",
                  "isHook": false,
                  "skipped": false
                },
                {
                  "title": "should display incorrect contact details due to a system error",
                  "fullTitle": "Contact Management Contact Details Display should display incorrect contact details due to a system error",
                  "timedOut": null,
                  "duration": 27,
                  "state": "passed",
                  "speed": "fast",
                  "pass": true,
                  "fail": false,
                  "pending": false,
                  "context": null,
                  "code": "// Simulate a system error scenario\n// This is usually done by manipulating the backend or using mock data",
                  "err": {},
                  "uuid": "8c411721-ebfd-413d-b6c5-c9ed171e2880",
                  "parentUUID": "26f7ac43-8a44-41a0-80cf-bd71929538c1",
                  "isHook": false,
                  "skipped": false
                }
              ],
              "suites": [],
              "passes": [
                "8c411721-ebfd-413d-b6c5-c9ed171e2880"
              ],
              "failures": [
                "b0ce1df1-255f-4c8f-96f0-ba3db8c918e8"
              ],
              "pending": [],
              "skipped": [],
              "duration": 208,
              "root": false,
              "rootEmpty": false,
              "_timeout": 2000
            }
          ],
          "passes": [],
          "failures": [],
          "pending": [],
          "skipped": [],
          "duration": 0,
          "root": false,
          "rootEmpty": false,
          "_timeout": 2000
        }
      ],
      "passes": [],
      "failures": [],
      "pending": [],
      "skipped": [],
      "duration": 0,
      "root": true,
      "rootEmpty": true,
      "_timeout": 2000
    }
  ],
  "meta": {
    "mocha": {
      "version": "7.0.1"
    },
    "mochawesome": {
      "options": {
        "quiet": false,
        "reportFilename": "mochawesome",
        "saveHtml": false,
        "saveJson": true,
        "consoleReporter": "spec",
        "useInlineDiffs": false,
        "code": true
      },
      "version": "7.1.3"
    },
    "marge": {
      "options": {
        "overwrite": false,
        "html": false,
        "json": true,
        "reportDir": "cypress\\reports\\html\\.jsons"
      },
      "version": "6.2.0"
    }
  }
}