{
  "stats": {
    "suites": 4,
    "tests": 10,
    "passes": 10,
    "pending": 0,
    "failures": 0,
    "start": "2024-06-24T23:11:15.482Z",
    "end": "2024-06-24T23:11:37.650Z",
    "duration": 22168,
    "testsRegistered": 10,
    "passPercent": 100,
    "pendingPercent": 0,
    "other": 0,
    "hasOther": false,
    "skipped": 0,
    "hasSkipped": false
  },
  "results": [
    {
      "uuid": "167e6d30-015f-4de1-b3be-11ca4be21d88",
      "title": "",
      "fullFile": "cypress\\integration\\userAuthentication.spec.js",
      "file": "cypress\\integration\\userAuthentication.spec.js",
      "beforeHooks": [],
      "afterHooks": [],
      "tests": [],
      "suites": [
        {
          "uuid": "8539559f-117e-4e92-8b96-88c5577c9822",
          "title": "User Authentication Test",
          "fullFile": "",
          "file": "",
          "beforeHooks": [],
          "afterHooks": [],
          "tests": [],
          "suites": [
            {
              "uuid": "8edcc30c-6615-4148-917a-7c25c0744954",
              "title": "Sign Up",
              "fullFile": "",
              "file": "",
              "beforeHooks": [],
              "afterHooks": [],
              "tests": [
                {
                  "title": "should allow a user to sign up successfully",
                  "fullTitle": "User Authentication Test Sign Up should allow a user to sign up successfully",
                  "timedOut": null,
                  "duration": 4073,
                  "state": "passed",
                  "speed": "fast",
                  "pass": true,
                  "fail": false,
                  "pending": false,
                  "context": null,
                  "code": "cy.visit(`${baseUrl}/signup`);\ncy.fillSignUpForm('Shivani', 'Vaidya', 'shivani', 'password123', 'password123');",
                  "err": {},
                  "uuid": "a6572784-e3ff-4f82-b5ab-563eb4fbfd13",
                  "parentUUID": "8edcc30c-6615-4148-917a-7c25c0744954",
                  "isHook": false,
                  "skipped": false
                },
                {
                  "title": "should show an error message for invalid username",
                  "fullTitle": "User Authentication Test Sign Up should show an error message for invalid username",
                  "timedOut": null,
                  "duration": 2463,
                  "state": "passed",
                  "speed": "fast",
                  "pass": true,
                  "fail": false,
                  "pending": false,
                  "context": null,
                  "code": "cy.visit(`${baseUrl}/signup`);\ncy.fillSignUpForm('Shivani', 'Vaidya', '12', 'password123', 'password123');",
                  "err": {},
                  "uuid": "83e5ae32-27ba-4bd1-982e-360a2b3a6a3c",
                  "parentUUID": "8edcc30c-6615-4148-917a-7c25c0744954",
                  "isHook": false,
                  "skipped": false
                },
                {
                  "title": "should show an error message for invalid password",
                  "fullTitle": "User Authentication Test Sign Up should show an error message for invalid password",
                  "timedOut": null,
                  "duration": 1825,
                  "state": "passed",
                  "speed": "fast",
                  "pass": true,
                  "fail": false,
                  "pending": false,
                  "context": null,
                  "code": "cy.visit(`${baseUrl}/signup`);\ncy.fillSignUpForm('Shivani', 'Vaidya', 'shivani', '12', '');",
                  "err": {},
                  "uuid": "43275389-21e6-44a0-b6ba-b81e56d05040",
                  "parentUUID": "8edcc30c-6615-4148-917a-7c25c0744954",
                  "isHook": false,
                  "skipped": false
                },
                {
                  "title": "should show an error message when passwords do not match",
                  "fullTitle": "User Authentication Test Sign Up should show an error message when passwords do not match",
                  "timedOut": null,
                  "duration": 2465,
                  "state": "passed",
                  "speed": "fast",
                  "pass": true,
                  "fail": false,
                  "pending": false,
                  "context": null,
                  "code": "cy.visit(`${baseUrl}/signup`);\ncy.fillSignUpForm('Shivani', 'Vaidya', 'shivani', 'password123', 'differentpassword');",
                  "err": {},
                  "uuid": "061ca5d0-8c51-457f-af55-980075576d02",
                  "parentUUID": "8edcc30c-6615-4148-917a-7c25c0744954",
                  "isHook": false,
                  "skipped": false
                },
                {
                  "title": "should show an error message for weak password",
                  "fullTitle": "User Authentication Test Sign Up should show an error message for weak password",
                  "timedOut": null,
                  "duration": 1943,
                  "state": "passed",
                  "speed": "fast",
                  "pass": true,
                  "fail": false,
                  "pending": false,
                  "context": null,
                  "code": "cy.visit(`${baseUrl}/signup`);\ncy.fillSignUpForm('Shivani', 'Vaidya', 'shivani', 'shiv', 'shiv');",
                  "err": {},
                  "uuid": "a6cfe3b7-e85c-48ff-8395-5a9a5edcb2a7",
                  "parentUUID": "8edcc30c-6615-4148-917a-7c25c0744954",
                  "isHook": false,
                  "skipped": false
                }
              ],
              "suites": [],
              "passes": [
                "a6572784-e3ff-4f82-b5ab-563eb4fbfd13",
                "83e5ae32-27ba-4bd1-982e-360a2b3a6a3c",
                "43275389-21e6-44a0-b6ba-b81e56d05040",
                "061ca5d0-8c51-457f-af55-980075576d02",
                "a6cfe3b7-e85c-48ff-8395-5a9a5edcb2a7"
              ],
              "failures": [],
              "pending": [],
              "skipped": [],
              "duration": 12769,
              "root": false,
              "rootEmpty": false,
              "_timeout": 2000
            },
            {
              "uuid": "89accb34-f01c-49cd-bcf9-ca40f59da02b",
              "title": "Log In",
              "fullFile": "",
              "file": "",
              "beforeHooks": [],
              "afterHooks": [],
              "tests": [
                {
                  "title": "should allow a user to log in successfully",
                  "fullTitle": "User Authentication Test Log In should allow a user to log in successfully",
                  "timedOut": null,
                  "duration": 1531,
                  "state": "passed",
                  "speed": "fast",
                  "pass": true,
                  "fail": false,
                  "pending": false,
                  "context": null,
                  "code": "cy.visit(`${baseUrl}/login`);\ncy.login('shivani', 'password123');",
                  "err": {},
                  "uuid": "35d63dd0-53cb-4bc7-9a33-af535b0c3a76",
                  "parentUUID": "89accb34-f01c-49cd-bcf9-ca40f59da02b",
                  "isHook": false,
                  "skipped": false
                },
                {
                  "title": "should show an error message for valid username but invalid password",
                  "fullTitle": "User Authentication Test Log In should show an error message for valid username but invalid password",
                  "timedOut": null,
                  "duration": 1392,
                  "state": "passed",
                  "speed": "fast",
                  "pass": true,
                  "fail": false,
                  "pending": false,
                  "context": null,
                  "code": "cy.visit(`${baseUrl}/login`);\ncy.login('shivani', 'wrongpassword');",
                  "err": {},
                  "uuid": "d8019966-2064-4103-8c79-264c17680f42",
                  "parentUUID": "89accb34-f01c-49cd-bcf9-ca40f59da02b",
                  "isHook": false,
                  "skipped": false
                },
                {
                  "title": "should show an error message for invalid username but valid password",
                  "fullTitle": "User Authentication Test Log In should show an error message for invalid username but valid password",
                  "timedOut": null,
                  "duration": 1420,
                  "state": "passed",
                  "speed": "fast",
                  "pass": true,
                  "fail": false,
                  "pending": false,
                  "context": null,
                  "code": "cy.visit(`${baseUrl}/login`);\ncy.login('wrongusername', 'password123');",
                  "err": {},
                  "uuid": "5fd31880-c63f-4540-a791-fb893646953e",
                  "parentUUID": "89accb34-f01c-49cd-bcf9-ca40f59da02b",
                  "isHook": false,
                  "skipped": false
                },
                {
                  "title": "should show an error message for invalid username and password",
                  "fullTitle": "User Authentication Test Log In should show an error message for invalid username and password",
                  "timedOut": null,
                  "duration": 1506,
                  "state": "passed",
                  "speed": "fast",
                  "pass": true,
                  "fail": false,
                  "pending": false,
                  "context": null,
                  "code": "cy.visit(`${baseUrl}/login`);\ncy.login('wrongusername', 'wrongpassword');",
                  "err": {},
                  "uuid": "0156c71f-aa1f-4877-a777-cb34a72baa54",
                  "parentUUID": "89accb34-f01c-49cd-bcf9-ca40f59da02b",
                  "isHook": false,
                  "skipped": false
                }
              ],
              "suites": [],
              "passes": [
                "35d63dd0-53cb-4bc7-9a33-af535b0c3a76",
                "d8019966-2064-4103-8c79-264c17680f42",
                "5fd31880-c63f-4540-a791-fb893646953e",
                "0156c71f-aa1f-4877-a777-cb34a72baa54"
              ],
              "failures": [],
              "pending": [],
              "skipped": [],
              "duration": 5849,
              "root": false,
              "rootEmpty": false,
              "_timeout": 2000
            },
            {
              "uuid": "2ac60310-05c3-4c82-9622-50e3ef0a8d7d",
              "title": "Logout Functionality",
              "fullFile": "",
              "file": "",
              "beforeHooks": [],
              "afterHooks": [],
              "tests": [
                {
                  "title": "should log the user out and redirect to the login page",
                  "fullTitle": "User Authentication Test Logout Functionality should log the user out and redirect to the login page",
                  "timedOut": null,
                  "duration": 3075,
                  "state": "passed",
                  "speed": "fast",
                  "pass": true,
                  "fail": false,
                  "pending": false,
                  "context": null,
                  "code": "// Visit the homepage\n//cy.visit('http://localhost:3000/');\ncy.visit(`${baseUrl}/login`);\ncy.login('shivani', 'password123');\n// Assuming user is already logged in\n// Locate the logout button and click it\ncy.get('button.MuiButton-containedPrimary').click();\n// Verify that the user is redirected to the login page\ncy.url().should('include', '/signin');\n// Alternatively, check if the login form is visible\ncy.get('form').should('be.visible');",
                  "err": {},
                  "uuid": "a1d31903-876c-488b-bbd0-a6189881c112",
                  "parentUUID": "2ac60310-05c3-4c82-9622-50e3ef0a8d7d",
                  "isHook": false,
                  "skipped": false
                }
              ],
              "suites": [],
              "passes": [
                "a1d31903-876c-488b-bbd0-a6189881c112"
              ],
              "failures": [],
              "pending": [],
              "skipped": [],
              "duration": 3075,
              "root": false,
              "rootEmpty": false,
              "_timeout": 2000
            }
          ],
          "passes": [],
          "failures": [],
          "pending": [],
          "skipped": [],
          "duration": 0,
          "root": false,
          "rootEmpty": false,
          "_timeout": 2000
        }
      ],
      "passes": [],
      "failures": [],
      "pending": [],
      "skipped": [],
      "duration": 0,
      "root": true,
      "rootEmpty": true,
      "_timeout": 2000
    }
  ],
  "meta": {
    "mocha": {
      "version": "7.0.1"
    },
    "mochawesome": {
      "options": {
        "quiet": false,
        "reportFilename": "mochawesome",
        "saveHtml": false,
        "saveJson": true,
        "consoleReporter": "spec",
        "useInlineDiffs": false,
        "code": true
      },
      "version": "7.1.3"
    },
    "marge": {
      "options": {
        "overwrite": false,
        "html": false,
        "json": true,
        "reportDir": "cypress\\reports\\html\\.jsons"
      },
      "version": "6.2.0"
    }
  }
}