{
  "stats": {
    "suites": 4,
    "tests": 10,
    "passes": 10,
    "pending": 0,
    "failures": 0,
    "start": "2024-06-24T22:52:06.180Z",
    "end": "2024-06-24T22:52:20.706Z",
    "duration": 14526,
    "testsRegistered": 10,
    "passPercent": 100,
    "pendingPercent": 0,
    "other": 0,
    "hasOther": false,
    "skipped": 0,
    "hasSkipped": false
  },
  "results": [
    {
      "uuid": "22fbf16c-feb0-4ad2-88aa-e4b2d040f186",
      "title": "",
      "fullFile": "cypress\\integration\\userAuthentication.spec.js",
      "file": "cypress\\integration\\userAuthentication.spec.js",
      "beforeHooks": [],
      "afterHooks": [],
      "tests": [],
      "suites": [
        {
          "uuid": "ef7d2aad-8b9d-47ef-9d73-0351d31d1acb",
          "title": "User Authentication Test",
          "fullFile": "",
          "file": "",
          "beforeHooks": [],
          "afterHooks": [],
          "tests": [],
          "suites": [
            {
              "uuid": "c26bb3c5-4ece-423d-b4fa-d212a2e60194",
              "title": "Sign Up",
              "fullFile": "",
              "file": "",
              "beforeHooks": [],
              "afterHooks": [],
              "tests": [
                {
                  "title": "should allow a user to sign up successfully",
                  "fullTitle": "User Authentication Test Sign Up should allow a user to sign up successfully",
                  "timedOut": null,
                  "duration": 2642,
                  "state": "passed",
                  "speed": "fast",
                  "pass": true,
                  "fail": false,
                  "pending": false,
                  "context": null,
                  "code": "cy.visit(`${baseUrl}/signup`);\ncy.fillSignUpForm('Shivani', 'Vaidya', 'shivani', 'password123', 'password123');",
                  "err": {},
                  "uuid": "e6c065ae-88fa-43a5-8f20-d5b7c6e3bf02",
                  "parentUUID": "c26bb3c5-4ece-423d-b4fa-d212a2e60194",
                  "isHook": false,
                  "skipped": false
                },
                {
                  "title": "should show an error message for invalid username",
                  "fullTitle": "User Authentication Test Sign Up should show an error message for invalid username",
                  "timedOut": null,
                  "duration": 1873,
                  "state": "passed",
                  "speed": "fast",
                  "pass": true,
                  "fail": false,
                  "pending": false,
                  "context": null,
                  "code": "cy.visit(`${baseUrl}/signup`);\ncy.fillSignUpForm('Shivani', 'Vaidya', '12', 'password123', 'password123');",
                  "err": {},
                  "uuid": "ec410ec4-fdf2-457d-848d-2d7954ff814d",
                  "parentUUID": "c26bb3c5-4ece-423d-b4fa-d212a2e60194",
                  "isHook": false,
                  "skipped": false
                },
                {
                  "title": "should show an error message for invalid password",
                  "fullTitle": "User Authentication Test Sign Up should show an error message for invalid password",
                  "timedOut": null,
                  "duration": 1309,
                  "state": "passed",
                  "speed": "fast",
                  "pass": true,
                  "fail": false,
                  "pending": false,
                  "context": null,
                  "code": "cy.visit(`${baseUrl}/signup`);\ncy.fillSignUpForm('Shivani', 'Vaidya', 'shivani', '12', '');",
                  "err": {},
                  "uuid": "d95141d9-19f7-4dd9-934a-396771f5ea3e",
                  "parentUUID": "c26bb3c5-4ece-423d-b4fa-d212a2e60194",
                  "isHook": false,
                  "skipped": false
                },
                {
                  "title": "should show an error message when passwords do not match",
                  "fullTitle": "User Authentication Test Sign Up should show an error message when passwords do not match",
                  "timedOut": null,
                  "duration": 1859,
                  "state": "passed",
                  "speed": "fast",
                  "pass": true,
                  "fail": false,
                  "pending": false,
                  "context": null,
                  "code": "cy.visit(`${baseUrl}/signup`);\ncy.fillSignUpForm('Shivani', 'Vaidya', 'shivani', 'password123', 'differentpassword');",
                  "err": {},
                  "uuid": "ab60262b-3a06-43be-b594-0ed8d7a9eec8",
                  "parentUUID": "c26bb3c5-4ece-423d-b4fa-d212a2e60194",
                  "isHook": false,
                  "skipped": false
                },
                {
                  "title": "should show an error message for weak password",
                  "fullTitle": "User Authentication Test Sign Up should show an error message for weak password",
                  "timedOut": null,
                  "duration": 1435,
                  "state": "passed",
                  "speed": "fast",
                  "pass": true,
                  "fail": false,
                  "pending": false,
                  "context": null,
                  "code": "cy.visit(`${baseUrl}/signup`);\ncy.fillSignUpForm('Shivani', 'Vaidya', 'shivani', 'shiv', 'shiv');",
                  "err": {},
                  "uuid": "3297d65e-37ad-46bd-bf03-f16cb4b79ae2",
                  "parentUUID": "c26bb3c5-4ece-423d-b4fa-d212a2e60194",
                  "isHook": false,
                  "skipped": false
                }
              ],
              "suites": [],
              "passes": [
                "e6c065ae-88fa-43a5-8f20-d5b7c6e3bf02",
                "ec410ec4-fdf2-457d-848d-2d7954ff814d",
                "d95141d9-19f7-4dd9-934a-396771f5ea3e",
                "ab60262b-3a06-43be-b594-0ed8d7a9eec8",
                "3297d65e-37ad-46bd-bf03-f16cb4b79ae2"
              ],
              "failures": [],
              "pending": [],
              "skipped": [],
              "duration": 9118,
              "root": false,
              "rootEmpty": false,
              "_timeout": 2000
            },
            {
              "uuid": "8974679c-59d8-4657-a12c-1f99bacfa70c",
              "title": "Log In",
              "fullFile": "",
              "file": "",
              "beforeHooks": [],
              "afterHooks": [],
              "tests": [
                {
                  "title": "should allow a user to log in successfully",
                  "fullTitle": "User Authentication Test Log In should allow a user to log in successfully",
                  "timedOut": null,
                  "duration": 944,
                  "state": "passed",
                  "speed": "fast",
                  "pass": true,
                  "fail": false,
                  "pending": false,
                  "context": null,
                  "code": "cy.visit(`${baseUrl}/login`);\ncy.login('shivani', 'password123');",
                  "err": {},
                  "uuid": "1fcd582e-2a4e-4600-9b91-6ed4bfff4a8c",
                  "parentUUID": "8974679c-59d8-4657-a12c-1f99bacfa70c",
                  "isHook": false,
                  "skipped": false
                },
                {
                  "title": "should show an error message for valid username but invalid password",
                  "fullTitle": "User Authentication Test Log In should show an error message for valid username but invalid password",
                  "timedOut": null,
                  "duration": 967,
                  "state": "passed",
                  "speed": "fast",
                  "pass": true,
                  "fail": false,
                  "pending": false,
                  "context": null,
                  "code": "cy.visit(`${baseUrl}/login`);\ncy.login('shivani', 'wrongpassword');",
                  "err": {},
                  "uuid": "8dfb08bb-f9b9-42bd-be6d-aa7be25071d7",
                  "parentUUID": "8974679c-59d8-4657-a12c-1f99bacfa70c",
                  "isHook": false,
                  "skipped": false
                },
                {
                  "title": "should show an error message for invalid username but valid password",
                  "fullTitle": "User Authentication Test Log In should show an error message for invalid username but valid password",
                  "timedOut": null,
                  "duration": 1079,
                  "state": "passed",
                  "speed": "fast",
                  "pass": true,
                  "fail": false,
                  "pending": false,
                  "context": null,
                  "code": "cy.visit(`${baseUrl}/login`);\ncy.login('wrongusername', 'password123');",
                  "err": {},
                  "uuid": "cc8c62e0-26cf-4336-8e38-eb0c56e57276",
                  "parentUUID": "8974679c-59d8-4657-a12c-1f99bacfa70c",
                  "isHook": false,
                  "skipped": false
                },
                {
                  "title": "should show an error message for invalid username and password",
                  "fullTitle": "User Authentication Test Log In should show an error message for invalid username and password",
                  "timedOut": null,
                  "duration": 1038,
                  "state": "passed",
                  "speed": "fast",
                  "pass": true,
                  "fail": false,
                  "pending": false,
                  "context": null,
                  "code": "cy.visit(`${baseUrl}/login`);\ncy.login('wrongusername', 'wrongpassword');",
                  "err": {},
                  "uuid": "0c95928c-58e1-4176-8399-11deae456070",
                  "parentUUID": "8974679c-59d8-4657-a12c-1f99bacfa70c",
                  "isHook": false,
                  "skipped": false
                }
              ],
              "suites": [],
              "passes": [
                "1fcd582e-2a4e-4600-9b91-6ed4bfff4a8c",
                "8dfb08bb-f9b9-42bd-be6d-aa7be25071d7",
                "cc8c62e0-26cf-4336-8e38-eb0c56e57276",
                "0c95928c-58e1-4176-8399-11deae456070"
              ],
              "failures": [],
              "pending": [],
              "skipped": [],
              "duration": 4028,
              "root": false,
              "rootEmpty": false,
              "_timeout": 2000
            },
            {
              "uuid": "efa33c8a-635b-4b5c-8c9f-10ff273e49e9",
              "title": "Logout Functionality",
              "fullFile": "",
              "file": "",
              "beforeHooks": [],
              "afterHooks": [],
              "tests": [
                {
                  "title": "should log the user out and redirect to the login page",
                  "fullTitle": "User Authentication Test Logout Functionality should log the user out and redirect to the login page",
                  "timedOut": null,
                  "duration": 1032,
                  "state": "passed",
                  "speed": "fast",
                  "pass": true,
                  "fail": false,
                  "pending": false,
                  "context": null,
                  "code": "// Visit the homepage\n//cy.visit('http://localhost:3000/');\ncy.visit(`${baseUrl}/login`);\ncy.login('shivani', 'password123');\n// Assuming user is already logged in\n// Locate the logout button and click it\ncy.get('button.MuiButton-containedPrimary').click();\n// Verify that the user is redirected to the login page\ncy.url().should('include', '/signin');\n// Alternatively, check if the login form is visible\ncy.get('form').should('be.visible');",
                  "err": {},
                  "uuid": "376d3cc3-4042-4814-a0c2-3a9e3f48c04b",
                  "parentUUID": "efa33c8a-635b-4b5c-8c9f-10ff273e49e9",
                  "isHook": false,
                  "skipped": false
                }
              ],
              "suites": [],
              "passes": [
                "376d3cc3-4042-4814-a0c2-3a9e3f48c04b"
              ],
              "failures": [],
              "pending": [],
              "skipped": [],
              "duration": 1032,
              "root": false,
              "rootEmpty": false,
              "_timeout": 2000
            }
          ],
          "passes": [],
          "failures": [],
          "pending": [],
          "skipped": [],
          "duration": 0,
          "root": false,
          "rootEmpty": false,
          "_timeout": 2000
        }
      ],
      "passes": [],
      "failures": [],
      "pending": [],
      "skipped": [],
      "duration": 0,
      "root": true,
      "rootEmpty": true,
      "_timeout": 2000
    }
  ],
  "meta": {
    "mocha": {
      "version": "7.0.1"
    },
    "mochawesome": {
      "options": {
        "quiet": false,
        "reportFilename": "mochawesome",
        "saveHtml": false,
        "saveJson": true,
        "consoleReporter": "spec",
        "useInlineDiffs": false,
        "code": true
      },
      "version": "7.1.3"
    },
    "marge": {
      "options": {
        "overwrite": false,
        "html": false,
        "json": true,
        "reportDir": "cypress\\reports\\html\\.jsons"
      },
      "version": "6.2.0"
    }
  }
}