{
  "stats": {
    "suites": 2,
    "tests": 1,
    "passes": 0,
    "pending": 0,
    "failures": 1,
    "start": "2024-06-24T22:53:24.065Z",
    "end": "2024-06-24T22:53:42.506Z",
    "duration": 18441,
    "testsRegistered": 1,
    "passPercent": 0,
    "pendingPercent": 0,
    "other": 0,
    "hasOther": false,
    "skipped": 0,
    "hasSkipped": false
  },
  "results": [
    {
      "uuid": "2f1ccb03-3100-4133-b77f-c7a18301002b",
      "title": "",
      "fullFile": "cypress\\integration\\contact.spec.js",
      "file": "cypress\\integration\\contact.spec.js",
      "beforeHooks": [],
      "afterHooks": [],
      "tests": [],
      "suites": [
        {
          "uuid": "5b14e089-66a1-417f-a21a-6487bb801ff3",
          "title": "Bank Account Management",
          "fullFile": "",
          "file": "",
          "beforeHooks": [],
          "afterHooks": [],
          "tests": [],
          "suites": [
            {
              "uuid": "017dd987-0d8e-4592-9ad0-9b1b04eb2799",
              "title": "Bank Account addition",
              "fullFile": "",
              "file": "",
              "beforeHooks": [],
              "afterHooks": [],
              "tests": [
                {
                  "title": "should navigate to Bank Accounts and add a new account",
                  "fullTitle": "Bank Account Management Bank Account addition should navigate to Bank Accounts and add a new account",
                  "timedOut": null,
                  "duration": 6292,
                  "state": "failed",
                  "speed": null,
                  "pass": false,
                  "fail": true,
                  "pending": false,
                  "context": "{\n  \"title\": \"cypress-mochawesome-reporter-screenshots\",\n  \"value\": [\n    [\n      \"\\\\contact.spec.js\\\\Bank Account Management -- Bank Account addition -- should navigate to Bank Accounts and add a new account (failed).png\"\n    ],\n    [\n      \"\\\\contact.spec.js\\\\Bank Account Management -- Bank Account addition -- should navigate to Bank Accounts and add a new account (failed) (attempt 2).png\"\n    ],\n    [\n      \"\\\\contact.spec.js\\\\Bank Account Management -- Bank Account addition -- should navigate to Bank Accounts and add a new account (failed) (attempt 3).png\"\n    ]\n  ]\n}",
                  "code": "// Use custom command to navigate to Bank Accounts\ncy.visit(`${baseUrl}/login`);\ncy.login('Heath93', 's3cret');\n//cy.contains('Bank Accounts').click();\ncy.contains('Bank Accounts', {\n  timeout: 10000\n}).should('be.visible').click();\n//cy.contains('button', 'CREATE').click();\ncy.get('a[data-test=\"bankaccount-new\"]', {\n  timeout: 10000\n}).should('be.visible').click();\ncy.wait(1000);\ncy.get('#bankaccount-bankName-input', {\n  timeout: 10000\n}).should('be.visible').type('ABCDE'); // Adjust the selector if necessary\ncy.get('input[name=\"routingNumber\"]').type('123456789');\ncy.get('input[name=\"accountNumber\"]').type('987654321');\n//cy.contains('button', 'SAVE').click();\ncy.get('button[data-test=\"bankaccount-submit\"]').should('be.visible').click();\n// Use custom command to create a new bank account\n//cy.createBankAccount('ABCDE', '123456789', '987654321');\n// Assert that the new bank account appears in the bank account list\ncy.contains('ABCDE').should('exist');\ncy.wait(1000);\n// cy.get('button.MuiButton-containedPrimary'), { timeout: 10000 }).should('be.visible').click();\ncy.get('div[data-test=\"sidenav-signout\"]').should('be.visible').click();\n//cy.get('a[data-test=\"logout\"]'\n// Verify that the user is redirected to the login page\ncy.url().should('include', '/signin');\n// Alternatively, check if the login form is visible\ncy.get('form').should('be.visible');",
                  "err": {
                    "message": "CypressError: Timed out retrying after 4050ms: `cy.click()` failed because this element:\n\n`<a class=\"MuiButtonBase-root MuiButton-root MuiButton-contained MuiButton-containedPrimary MuiButton-containedSizeLarge MuiButton-sizeLarge\" tabindex=\"0\" role=\"button\" aria-disabled=\"false\" data-test=\"bankaccount-new\" href=\"/bankaccounts/new\">...</a>`\n\nis being covered by another element:\n\n`<div class=\"MuiToolbar-root MuiToolbar-regular makeStyles-toolbar-21 MuiToolbar-gutters\">...</div>`\n\nFix this problem, or use {force: true} to disable error checking.\n\nhttps://on.cypress.io/element-cannot-be-interacted-with",
                    "estack": "CypressError: Timed out retrying after 4050ms: `cy.click()` failed because this element:\n\n`<a class=\"MuiButtonBase-root MuiButton-root MuiButton-contained MuiButton-containedPrimary MuiButton-containedSizeLarge MuiButton-sizeLarge\" tabindex=\"0\" role=\"button\" aria-disabled=\"false\" data-test=\"bankaccount-new\" href=\"/bankaccounts/new\">...</a>`\n\nis being covered by another element:\n\n`<div class=\"MuiToolbar-root MuiToolbar-regular makeStyles-toolbar-21 MuiToolbar-gutters\">...</div>`\n\nFix this problem, or use {force: true} to disable error checking.\n\nhttps://on.cypress.io/element-cannot-be-interacted-with\n    at ensureIsDescendent (http://localhost:3000/__cypress/runner/cypress_runner.js:112445:68)\n    at ensureDescendents (http://localhost:3000/__cypress/runner/cypress_runner.js:112496:5)\n    at ensureDescendentsAndScroll (http://localhost:3000/__cypress/runner/cypress_runner.js:112502:14)\n    at ensureElIsNotCovered (http://localhost:3000/__cypress/runner/cypress_runner.js:112633:5)\n    at runAllChecks (http://localhost:3000/__cypress/runner/cypress_runner.js:112832:52)\n    at retryActionability (http://localhost:3000/__cypress/runner/cypress_runner.js:112869:16)\n    at tryCatcher (http://localhost:3000/__cypress/runner/cypress_runner.js:1807:23)\n    at Promise.attempt.Promise.try (http://localhost:3000/__cypress/runner/cypress_runner.js:4315:29)\n    at whenStable (http://localhost:3000/__cypress/runner/cypress_runner.js:143646:68)\n    at <unknown> (http://localhost:3000/__cypress/runner/cypress_runner.js:143587:14)\n    at tryCatcher (http://localhost:3000/__cypress/runner/cypress_runner.js:1807:23)\n    at Promise._settlePromiseFromHandler (http://localhost:3000/__cypress/runner/cypress_runner.js:1519:31)\n    at Promise._settlePromise (http://localhost:3000/__cypress/runner/cypress_runner.js:1576:18)\n    at Promise._settlePromise0 (http://localhost:3000/__cypress/runner/cypress_runner.js:1621:10)\n    at Promise._settlePromises (http://localhost:3000/__cypress/runner/cypress_runner.js:1701:18)\n    at Promise._fulfill (http://localhost:3000/__cypress/runner/cypress_runner.js:1645:18)\n    at <unknown> (http://localhost:3000/__cypress/runner/cypress_runner.js:5450:46)\nFrom Your Spec Code:\n    at Context.eval (webpack://cypress-realworld-app/./cypress/integration/contact.spec.js:17:88)",
                    "diff": null
                  },
                  "uuid": "0d3d6139-c1f0-41f6-be26-ae60ad86cae1",
                  "parentUUID": "017dd987-0d8e-4592-9ad0-9b1b04eb2799",
                  "isHook": false,
                  "skipped": false
                }
              ],
              "suites": [],
              "passes": [],
              "failures": [
                "0d3d6139-c1f0-41f6-be26-ae60ad86cae1"
              ],
              "pending": [],
              "skipped": [],
              "duration": 6292,
              "root": false,
              "rootEmpty": false,
              "_timeout": 2000
            }
          ],
          "passes": [],
          "failures": [],
          "pending": [],
          "skipped": [],
          "duration": 0,
          "root": false,
          "rootEmpty": false,
          "_timeout": 2000
        }
      ],
      "passes": [],
      "failures": [],
      "pending": [],
      "skipped": [],
      "duration": 0,
      "root": true,
      "rootEmpty": true,
      "_timeout": 2000
    }
  ],
  "meta": {
    "mocha": {
      "version": "7.0.1"
    },
    "mochawesome": {
      "options": {
        "quiet": false,
        "reportFilename": "mochawesome",
        "saveHtml": false,
        "saveJson": true,
        "consoleReporter": "spec",
        "useInlineDiffs": false,
        "code": true
      },
      "version": "7.1.3"
    },
    "marge": {
      "options": {
        "overwrite": false,
        "html": false,
        "json": true,
        "reportDir": "cypress\\reports\\html\\.jsons"
      },
      "version": "6.2.0"
    }
  }
}