{
  "stats": {
    "suites": 4,
    "tests": 10,
    "passes": 10,
    "pending": 0,
    "failures": 0,
    "start": "2024-06-24T19:14:25.020Z",
    "end": "2024-06-24T19:14:47.147Z",
    "duration": 22127,
    "testsRegistered": 10,
    "passPercent": 100,
    "pendingPercent": 0,
    "other": 0,
    "hasOther": false,
    "skipped": 0,
    "hasSkipped": false
  },
  "results": [
    {
      "uuid": "04191e20-18e1-46a6-8e19-72112c952de2",
      "title": "",
      "fullFile": "cypress\\integration\\userAuthenticatio.spec.js",
      "file": "cypress\\integration\\userAuthenticatio.spec.js",
      "beforeHooks": [],
      "afterHooks": [],
      "tests": [],
      "suites": [
        {
          "uuid": "1ce1d720-4c01-42e6-9bfb-479d83448e22",
          "title": "User Authentication Test",
          "fullFile": "",
          "file": "",
          "beforeHooks": [],
          "afterHooks": [],
          "tests": [],
          "suites": [
            {
              "uuid": "ced3b8d7-6afa-45c2-97c7-1413db76c65b",
              "title": "Sign Up",
              "fullFile": "",
              "file": "",
              "beforeHooks": [],
              "afterHooks": [],
              "tests": [
                {
                  "title": "should allow a user to sign up successfully",
                  "fullTitle": "User Authentication Test Sign Up should allow a user to sign up successfully",
                  "timedOut": null,
                  "duration": 3881,
                  "state": "passed",
                  "speed": "fast",
                  "pass": true,
                  "fail": false,
                  "pending": false,
                  "context": null,
                  "code": "cy.visit(`${baseUrl}/signup`);\ncy.fillSignUpForm('Shivani', 'Vaidya', 'shivani', 'password123', 'password123');",
                  "err": {},
                  "uuid": "7068bdef-85af-4cb3-9555-91c00d4fad51",
                  "parentUUID": "ced3b8d7-6afa-45c2-97c7-1413db76c65b",
                  "isHook": false,
                  "skipped": false
                },
                {
                  "title": "should show an error message for invalid username",
                  "fullTitle": "User Authentication Test Sign Up should show an error message for invalid username",
                  "timedOut": null,
                  "duration": 2673,
                  "state": "passed",
                  "speed": "fast",
                  "pass": true,
                  "fail": false,
                  "pending": false,
                  "context": null,
                  "code": "cy.visit(`${baseUrl}/signup`);\ncy.fillSignUpForm('Shivani', 'Vaidya', '12', 'password123', 'password123');\n// cy.checkErrorMessage('Username is required');",
                  "err": {},
                  "uuid": "dd396860-69d2-439d-a0d8-1732a57d9cd5",
                  "parentUUID": "ced3b8d7-6afa-45c2-97c7-1413db76c65b",
                  "isHook": false,
                  "skipped": false
                },
                {
                  "title": "should show an error message for invalid password",
                  "fullTitle": "User Authentication Test Sign Up should show an error message for invalid password",
                  "timedOut": null,
                  "duration": 1954,
                  "state": "passed",
                  "speed": "fast",
                  "pass": true,
                  "fail": false,
                  "pending": false,
                  "context": null,
                  "code": "cy.visit(`${baseUrl}/signup`);\ncy.fillSignUpForm('Shivani', 'Vaidya', 'shivani', '12', '');\n//cy.checkErrorMessage('Password is required');",
                  "err": {},
                  "uuid": "bd727ae9-a39d-4d59-8b88-51d6b4b1ead6",
                  "parentUUID": "ced3b8d7-6afa-45c2-97c7-1413db76c65b",
                  "isHook": false,
                  "skipped": false
                },
                {
                  "title": "should show an error message when passwords do not match",
                  "fullTitle": "User Authentication Test Sign Up should show an error message when passwords do not match",
                  "timedOut": null,
                  "duration": 2572,
                  "state": "passed",
                  "speed": "fast",
                  "pass": true,
                  "fail": false,
                  "pending": false,
                  "context": null,
                  "code": "cy.visit(`${baseUrl}/signup`);\ncy.fillSignUpForm('Shivani', 'Vaidya', 'shivani', 'password123', 'differentpassword');\n// cy.checkErrorMessage('Passwords do not match');",
                  "err": {},
                  "uuid": "5f5f3285-8848-4bdb-9174-ccea2e0cbd4e",
                  "parentUUID": "ced3b8d7-6afa-45c2-97c7-1413db76c65b",
                  "isHook": false,
                  "skipped": false
                },
                {
                  "title": "should show an error message for weak password",
                  "fullTitle": "User Authentication Test Sign Up should show an error message for weak password",
                  "timedOut": null,
                  "duration": 2172,
                  "state": "passed",
                  "speed": "fast",
                  "pass": true,
                  "fail": false,
                  "pending": false,
                  "context": null,
                  "code": "cy.visit(`${baseUrl}/signup`);\ncy.fillSignUpForm('Shivani', 'Vaidya', 'shivani', 'shiv', 'shiv');\n// cy.checkErrorMessage('Password must be at least 8 characters long');",
                  "err": {},
                  "uuid": "db9b0dc5-607e-4f93-8c72-e885fae503b7",
                  "parentUUID": "ced3b8d7-6afa-45c2-97c7-1413db76c65b",
                  "isHook": false,
                  "skipped": false
                }
              ],
              "suites": [],
              "passes": [
                "7068bdef-85af-4cb3-9555-91c00d4fad51",
                "dd396860-69d2-439d-a0d8-1732a57d9cd5",
                "bd727ae9-a39d-4d59-8b88-51d6b4b1ead6",
                "5f5f3285-8848-4bdb-9174-ccea2e0cbd4e",
                "db9b0dc5-607e-4f93-8c72-e885fae503b7"
              ],
              "failures": [],
              "pending": [],
              "skipped": [],
              "duration": 13252,
              "root": false,
              "rootEmpty": false,
              "_timeout": 2000
            },
            {
              "uuid": "1d6688c3-74f8-492a-a800-930cd97c92dd",
              "title": "Log In",
              "fullFile": "",
              "file": "",
              "beforeHooks": [],
              "afterHooks": [],
              "tests": [
                {
                  "title": "should allow a user to log in successfully",
                  "fullTitle": "User Authentication Test Log In should allow a user to log in successfully",
                  "timedOut": null,
                  "duration": 1482,
                  "state": "passed",
                  "speed": "fast",
                  "pass": true,
                  "fail": false,
                  "pending": false,
                  "context": null,
                  "code": "cy.visit(`${baseUrl}/login`);\ncy.login('shivani', 'password123');\n// cy.contains('Logout').should('be.visible');",
                  "err": {},
                  "uuid": "9e2f2f76-33af-4983-8eaa-43c5cfc80dc7",
                  "parentUUID": "1d6688c3-74f8-492a-a800-930cd97c92dd",
                  "isHook": false,
                  "skipped": false
                },
                {
                  "title": "should show an error message for valid username but invalid password",
                  "fullTitle": "User Authentication Test Log In should show an error message for valid username but invalid password",
                  "timedOut": null,
                  "duration": 1531,
                  "state": "passed",
                  "speed": "fast",
                  "pass": true,
                  "fail": false,
                  "pending": false,
                  "context": null,
                  "code": "cy.visit(`${baseUrl}/login`);\ncy.login('shivani', 'wrongpassword');\n//cy.checkErrorMessage('Invalid username or password');",
                  "err": {},
                  "uuid": "cc62b19a-6ff7-4bdb-b411-8f0fdbfafa7a",
                  "parentUUID": "1d6688c3-74f8-492a-a800-930cd97c92dd",
                  "isHook": false,
                  "skipped": false
                },
                {
                  "title": "should show an error message for invalid username but valid password",
                  "fullTitle": "User Authentication Test Log In should show an error message for invalid username but valid password",
                  "timedOut": null,
                  "duration": 1506,
                  "state": "passed",
                  "speed": "fast",
                  "pass": true,
                  "fail": false,
                  "pending": false,
                  "context": null,
                  "code": "cy.visit(`${baseUrl}/login`);\ncy.login('wrongusername', 'password123');\n//cy.checkErrorMessage('Invalid username or password');",
                  "err": {},
                  "uuid": "a9a47db3-3bc8-4e72-8a7c-da4858480151",
                  "parentUUID": "1d6688c3-74f8-492a-a800-930cd97c92dd",
                  "isHook": false,
                  "skipped": false
                },
                {
                  "title": "should show an error message for invalid username and password",
                  "fullTitle": "User Authentication Test Log In should show an error message for invalid username and password",
                  "timedOut": null,
                  "duration": 1648,
                  "state": "passed",
                  "speed": "fast",
                  "pass": true,
                  "fail": false,
                  "pending": false,
                  "context": null,
                  "code": "cy.visit(`${baseUrl}/login`);\ncy.login('wrongusername', 'wrongpassword');\n// cy.checkErrorMessage('Invalid username or password');",
                  "err": {},
                  "uuid": "806ddaea-a400-4e0e-8ded-0add505b1eb8",
                  "parentUUID": "1d6688c3-74f8-492a-a800-930cd97c92dd",
                  "isHook": false,
                  "skipped": false
                }
              ],
              "suites": [],
              "passes": [
                "9e2f2f76-33af-4983-8eaa-43c5cfc80dc7",
                "cc62b19a-6ff7-4bdb-b411-8f0fdbfafa7a",
                "a9a47db3-3bc8-4e72-8a7c-da4858480151",
                "806ddaea-a400-4e0e-8ded-0add505b1eb8"
              ],
              "failures": [],
              "pending": [],
              "skipped": [],
              "duration": 6167,
              "root": false,
              "rootEmpty": false,
              "_timeout": 2000
            },
            {
              "uuid": "54895cc5-43a0-4e62-95db-333d83111e0b",
              "title": "Logout Functionality",
              "fullFile": "",
              "file": "",
              "beforeHooks": [],
              "afterHooks": [],
              "tests": [
                {
                  "title": "should log the user out and redirect to the login page",
                  "fullTitle": "User Authentication Test Logout Functionality should log the user out and redirect to the login page",
                  "timedOut": null,
                  "duration": 2171,
                  "state": "passed",
                  "speed": "fast",
                  "pass": true,
                  "fail": false,
                  "pending": false,
                  "context": null,
                  "code": "// Visit the homepage\n//cy.visit('http://localhost:3000/');\ncy.visit(`${baseUrl}/login`);\ncy.login('shivani', 'password123');\n// Assuming user is already logged in\n// Locate the logout button and click it\ncy.get('button.MuiButton-containedPrimary').click();\n// Verify that the user is redirected to the login page\ncy.url().should('include', '/signin');\n// Alternatively, check if the login form is visible\ncy.get('form').should('be.visible');",
                  "err": {},
                  "uuid": "53647725-4f12-4e16-aa9c-010719db17ab",
                  "parentUUID": "54895cc5-43a0-4e62-95db-333d83111e0b",
                  "isHook": false,
                  "skipped": false
                }
              ],
              "suites": [],
              "passes": [
                "53647725-4f12-4e16-aa9c-010719db17ab"
              ],
              "failures": [],
              "pending": [],
              "skipped": [],
              "duration": 2171,
              "root": false,
              "rootEmpty": false,
              "_timeout": 2000
            }
          ],
          "passes": [],
          "failures": [],
          "pending": [],
          "skipped": [],
          "duration": 0,
          "root": false,
          "rootEmpty": false,
          "_timeout": 2000
        }
      ],
      "passes": [],
      "failures": [],
      "pending": [],
      "skipped": [],
      "duration": 0,
      "root": true,
      "rootEmpty": true,
      "_timeout": 2000
    }
  ],
  "meta": {
    "mocha": {
      "version": "7.0.1"
    },
    "mochawesome": {
      "options": {
        "quiet": false,
        "reportFilename": "mochawesome",
        "saveHtml": false,
        "saveJson": true,
        "consoleReporter": "spec",
        "useInlineDiffs": false,
        "code": true
      },
      "version": "7.1.3"
    },
    "marge": {
      "options": {
        "overwrite": false,
        "html": false,
        "json": true,
        "reportDir": "cypress\\reports\\html\\.jsons"
      },
      "version": "6.2.0"
    }
  }
}