{
  "stats": {
    "suites": 2,
    "tests": 1,
    "passes": 1,
    "pending": 0,
    "failures": 0,
    "start": "2024-06-24T23:02:51.207Z",
    "end": "2024-06-24T23:02:56.650Z",
    "duration": 5443,
    "testsRegistered": 1,
    "passPercent": 100,
    "pendingPercent": 0,
    "other": 0,
    "hasOther": false,
    "skipped": 0,
    "hasSkipped": false
  },
  "results": [
    {
      "uuid": "4284e7a3-2074-4e71-acf8-95780f94a47f",
      "title": "",
      "fullFile": "cypress\\integration\\contact.spec.js",
      "file": "cypress\\integration\\contact.spec.js",
      "beforeHooks": [],
      "afterHooks": [],
      "tests": [],
      "suites": [
        {
          "uuid": "27a3bc07-96aa-4099-a8cf-82b623d5a112",
          "title": "Bank Account Management",
          "fullFile": "",
          "file": "",
          "beforeHooks": [],
          "afterHooks": [],
          "tests": [],
          "suites": [
            {
              "uuid": "86ab9a0a-16fd-4eee-8149-9445bb40dfd3",
              "title": "Bank Account addition",
              "fullFile": "",
              "file": "",
              "beforeHooks": [],
              "afterHooks": [],
              "tests": [
                {
                  "title": "should navigate to Bank Accounts and add a new account",
                  "fullTitle": "Bank Account Management Bank Account addition should navigate to Bank Accounts and add a new account",
                  "timedOut": null,
                  "duration": 5330,
                  "state": "passed",
                  "speed": "medium",
                  "pass": true,
                  "fail": false,
                  "pending": false,
                  "context": null,
                  "code": "// Use custom command to navigate to Bank Accounts\ncy.visit(`${baseUrl}/login`);\ncy.login('Heath93', 's3cret');\n//cy.contains('Bank Accounts').click();\ncy.contains('Bank Accounts', {\n  timeout: 10000\n}).should('be.visible').click({\n  force: true\n});\n//cy.contains('button', 'CREATE').click();\ncy.get('a[data-test=\"bankaccount-new\"]', {\n  timeout: 10000\n}).should('be.visible').click({\n  force: true\n});\ncy.get('#bankaccount-bankName-input', {\n  timeout: 10000\n}).should('be.visible').type('ABCDE'); // Adjust the selector if necessary\ncy.get('input[name=\"routingNumber\"]').type('123456789');\ncy.get('input[name=\"accountNumber\"]').type('987654321');\n//cy.contains('button', 'SAVE').click();\ncy.get('button[data-test=\"bankaccount-submit\"]').should('be.visible').click({\n  force: true\n});\n// Use custom command to create a new bank account\n//cy.createBankAccount('ABCDE', '123456789', '987654321');\n// Assert that the new bank account appears in the bank account list\ncy.contains('ABCDE').should('exist');\n// cy.get('button.MuiButton-containedPrimary'), { timeout: 10000 }).should('be.visible').click();\ncy.get('div[data-test=\"sidenav-signout\"]').should('be.visible').click({\n  force: true\n});\n//cy.get('a[data-test=\"logout\"]'\n// Verify that the user is redirected to the login page\ncy.url().should('include', '/signin');\n// Alternatively, check if the login form is visible\ncy.get('form').should('be.visible');",
                  "err": {},
                  "uuid": "45c61817-5b99-4694-b045-e3b27603e41d",
                  "parentUUID": "86ab9a0a-16fd-4eee-8149-9445bb40dfd3",
                  "isHook": false,
                  "skipped": false
                }
              ],
              "suites": [],
              "passes": [
                "45c61817-5b99-4694-b045-e3b27603e41d"
              ],
              "failures": [],
              "pending": [],
              "skipped": [],
              "duration": 5330,
              "root": false,
              "rootEmpty": false,
              "_timeout": 2000
            }
          ],
          "passes": [],
          "failures": [],
          "pending": [],
          "skipped": [],
          "duration": 0,
          "root": false,
          "rootEmpty": false,
          "_timeout": 2000
        }
      ],
      "passes": [],
      "failures": [],
      "pending": [],
      "skipped": [],
      "duration": 0,
      "root": true,
      "rootEmpty": true,
      "_timeout": 2000
    }
  ],
  "meta": {
    "mocha": {
      "version": "7.0.1"
    },
    "mochawesome": {
      "options": {
        "quiet": false,
        "reportFilename": "mochawesome",
        "saveHtml": false,
        "saveJson": true,
        "consoleReporter": "spec",
        "useInlineDiffs": false,
        "code": true
      },
      "version": "7.1.3"
    },
    "marge": {
      "options": {
        "overwrite": false,
        "html": false,
        "json": true,
        "reportDir": "cypress\\reports\\html\\.jsons"
      },
      "version": "6.2.0"
    }
  }
}