{
  "stats": {
    "suites": 4,
    "tests": 10,
    "passes": 10,
    "pending": 0,
    "failures": 0,
    "start": "2024-06-24T18:58:01.287Z",
    "end": "2024-06-24T18:58:22.615Z",
    "duration": 21328,
    "testsRegistered": 10,
    "passPercent": 100,
    "pendingPercent": 0,
    "other": 0,
    "hasOther": false,
    "skipped": 0,
    "hasSkipped": false
  },
  "results": [
    {
      "uuid": "be0c6ee5-0aaf-4441-a05b-300a46e3d70e",
      "title": "",
      "fullFile": "cypress\\integration\\userAuthenticatio.spec.js",
      "file": "cypress\\integration\\userAuthenticatio.spec.js",
      "beforeHooks": [],
      "afterHooks": [],
      "tests": [],
      "suites": [
        {
          "uuid": "97d1d76d-8c4a-4fb6-9178-54b35edc732c",
          "title": "User Authentication Test",
          "fullFile": "",
          "file": "",
          "beforeHooks": [],
          "afterHooks": [],
          "tests": [],
          "suites": [
            {
              "uuid": "56653389-e4cc-4f92-8c72-9f8147abc682",
              "title": "Sign Up",
              "fullFile": "",
              "file": "",
              "beforeHooks": [],
              "afterHooks": [],
              "tests": [
                {
                  "title": "should allow a user to sign up successfully",
                  "fullTitle": "User Authentication Test Sign Up should allow a user to sign up successfully",
                  "timedOut": null,
                  "duration": 3933,
                  "state": "passed",
                  "speed": "fast",
                  "pass": true,
                  "fail": false,
                  "pending": false,
                  "context": null,
                  "code": "cy.visit(`${baseUrl}/signup`);\ncy.fillSignUpForm('Shivani', 'Vaidya', 'shivani', 'password123', 'password123');",
                  "err": {},
                  "uuid": "a09669d8-cb01-4cc5-851f-d418fb25e02e",
                  "parentUUID": "56653389-e4cc-4f92-8c72-9f8147abc682",
                  "isHook": false,
                  "skipped": false
                },
                {
                  "title": "should show an error message for invalid username",
                  "fullTitle": "User Authentication Test Sign Up should show an error message for invalid username",
                  "timedOut": null,
                  "duration": 2575,
                  "state": "passed",
                  "speed": "fast",
                  "pass": true,
                  "fail": false,
                  "pending": false,
                  "context": null,
                  "code": "cy.visit(`${baseUrl}/signup`);\ncy.fillSignUpForm('Shivani', 'Vaidya', '12', 'password123', 'password123');\n// cy.checkErrorMessage('Username is required');",
                  "err": {},
                  "uuid": "e438a07a-9b66-4f6d-a421-4115526a39e0",
                  "parentUUID": "56653389-e4cc-4f92-8c72-9f8147abc682",
                  "isHook": false,
                  "skipped": false
                },
                {
                  "title": "should show an error message for invalid password",
                  "fullTitle": "User Authentication Test Sign Up should show an error message for invalid password",
                  "timedOut": null,
                  "duration": 1776,
                  "state": "passed",
                  "speed": "fast",
                  "pass": true,
                  "fail": false,
                  "pending": false,
                  "context": null,
                  "code": "cy.visit(`${baseUrl}/signup`);\ncy.fillSignUpForm('Shivani', 'Vaidya', 'shivani', '12', '');\n//cy.checkErrorMessage('Password is required');",
                  "err": {},
                  "uuid": "abd2e1ea-db30-429e-bc6b-57ce9af600e5",
                  "parentUUID": "56653389-e4cc-4f92-8c72-9f8147abc682",
                  "isHook": false,
                  "skipped": false
                },
                {
                  "title": "should show an error message when passwords do not match",
                  "fullTitle": "User Authentication Test Sign Up should show an error message when passwords do not match",
                  "timedOut": null,
                  "duration": 2375,
                  "state": "passed",
                  "speed": "fast",
                  "pass": true,
                  "fail": false,
                  "pending": false,
                  "context": null,
                  "code": "cy.visit(`${baseUrl}/signup`);\ncy.fillSignUpForm('Shivani', 'Vaidya', 'shivani', 'password123', 'differentpassword');\n// cy.checkErrorMessage('Passwords do not match');",
                  "err": {},
                  "uuid": "cc3d867e-4a66-4891-9749-be27b89f0d08",
                  "parentUUID": "56653389-e4cc-4f92-8c72-9f8147abc682",
                  "isHook": false,
                  "skipped": false
                },
                {
                  "title": "should show an error message for weak password",
                  "fullTitle": "User Authentication Test Sign Up should show an error message for weak password",
                  "timedOut": null,
                  "duration": 2164,
                  "state": "passed",
                  "speed": "fast",
                  "pass": true,
                  "fail": false,
                  "pending": false,
                  "context": null,
                  "code": "cy.visit(`${baseUrl}/signup`);\ncy.fillSignUpForm('Shivani', 'Vaidya', 'shivani', 'shiv', 'shiv');\n// cy.checkErrorMessage('Password must be at least 8 characters long');",
                  "err": {},
                  "uuid": "e3ed4515-6cbc-4559-ae5c-95873013c1db",
                  "parentUUID": "56653389-e4cc-4f92-8c72-9f8147abc682",
                  "isHook": false,
                  "skipped": false
                }
              ],
              "suites": [],
              "passes": [
                "a09669d8-cb01-4cc5-851f-d418fb25e02e",
                "e438a07a-9b66-4f6d-a421-4115526a39e0",
                "abd2e1ea-db30-429e-bc6b-57ce9af600e5",
                "cc3d867e-4a66-4891-9749-be27b89f0d08",
                "e3ed4515-6cbc-4559-ae5c-95873013c1db"
              ],
              "failures": [],
              "pending": [],
              "skipped": [],
              "duration": 12823,
              "root": false,
              "rootEmpty": false,
              "_timeout": 2000
            },
            {
              "uuid": "2747446d-954f-4604-82f5-3fc186b6f18d",
              "title": "Log In",
              "fullFile": "",
              "file": "",
              "beforeHooks": [],
              "afterHooks": [],
              "tests": [
                {
                  "title": "should allow a user to log in successfully",
                  "fullTitle": "User Authentication Test Log In should allow a user to log in successfully",
                  "timedOut": null,
                  "duration": 1458,
                  "state": "passed",
                  "speed": "fast",
                  "pass": true,
                  "fail": false,
                  "pending": false,
                  "context": null,
                  "code": "cy.visit(`${baseUrl}/login`);\ncy.login('shivani', 'password123');\n// cy.contains('Logout').should('be.visible');",
                  "err": {},
                  "uuid": "6000d949-ddf0-4e0c-b2f4-ac1645806ef6",
                  "parentUUID": "2747446d-954f-4604-82f5-3fc186b6f18d",
                  "isHook": false,
                  "skipped": false
                },
                {
                  "title": "should show an error message for valid username but invalid password",
                  "fullTitle": "User Authentication Test Log In should show an error message for valid username but invalid password",
                  "timedOut": null,
                  "duration": 1549,
                  "state": "passed",
                  "speed": "fast",
                  "pass": true,
                  "fail": false,
                  "pending": false,
                  "context": null,
                  "code": "cy.visit(`${baseUrl}/login`);\ncy.login('shivani', 'wrongpassword');\n//cy.checkErrorMessage('Invalid username or password');",
                  "err": {},
                  "uuid": "0e20894c-0ae1-4e5c-b5ab-f810a5f983ff",
                  "parentUUID": "2747446d-954f-4604-82f5-3fc186b6f18d",
                  "isHook": false,
                  "skipped": false
                },
                {
                  "title": "should show an error message for invalid username but valid password",
                  "fullTitle": "User Authentication Test Log In should show an error message for invalid username but valid password",
                  "timedOut": null,
                  "duration": 1610,
                  "state": "passed",
                  "speed": "fast",
                  "pass": true,
                  "fail": false,
                  "pending": false,
                  "context": null,
                  "code": "cy.visit(`${baseUrl}/login`);\ncy.login('wrongusername', 'password123');\n//cy.checkErrorMessage('Invalid username or password');",
                  "err": {},
                  "uuid": "9a338846-84a5-40e9-9098-f109d25e0608",
                  "parentUUID": "2747446d-954f-4604-82f5-3fc186b6f18d",
                  "isHook": false,
                  "skipped": false
                },
                {
                  "title": "should show an error message for invalid username and password",
                  "fullTitle": "User Authentication Test Log In should show an error message for invalid username and password",
                  "timedOut": null,
                  "duration": 1536,
                  "state": "passed",
                  "speed": "fast",
                  "pass": true,
                  "fail": false,
                  "pending": false,
                  "context": null,
                  "code": "cy.visit(`${baseUrl}/login`);\ncy.login('wrongusername', 'wrongpassword');\n// cy.checkErrorMessage('Invalid username or password');",
                  "err": {},
                  "uuid": "5a3a9a4b-4d32-448b-abec-08d8ccb7a61c",
                  "parentUUID": "2747446d-954f-4604-82f5-3fc186b6f18d",
                  "isHook": false,
                  "skipped": false
                }
              ],
              "suites": [],
              "passes": [
                "6000d949-ddf0-4e0c-b2f4-ac1645806ef6",
                "0e20894c-0ae1-4e5c-b5ab-f810a5f983ff",
                "9a338846-84a5-40e9-9098-f109d25e0608",
                "5a3a9a4b-4d32-448b-abec-08d8ccb7a61c"
              ],
              "failures": [],
              "pending": [],
              "skipped": [],
              "duration": 6153,
              "root": false,
              "rootEmpty": false,
              "_timeout": 2000
            },
            {
              "uuid": "32949727-d2a7-4695-bb97-901bc304a454",
              "title": "Logout Functionality",
              "fullFile": "",
              "file": "",
              "beforeHooks": [],
              "afterHooks": [],
              "tests": [
                {
                  "title": "should log the user out and redirect to the login page",
                  "fullTitle": "User Authentication Test Logout Functionality should log the user out and redirect to the login page",
                  "timedOut": null,
                  "duration": 1875,
                  "state": "passed",
                  "speed": "fast",
                  "pass": true,
                  "fail": false,
                  "pending": false,
                  "context": null,
                  "code": "// Visit the homepage\n//cy.visit('http://localhost:3000/');\ncy.visit(`${baseUrl}/login`);\ncy.login('shivani', 'password123');\n// Assuming user is already logged in\n// Locate the logout button and click it\ncy.get('button.MuiButton-containedPrimary').click();\n// Verify that the user is redirected to the login page\ncy.url().should('include', '/signin');\n// Alternatively, check if the login form is visible\ncy.get('form').should('be.visible');",
                  "err": {},
                  "uuid": "9c1e2f19-8114-45c8-8c55-86657f04404a",
                  "parentUUID": "32949727-d2a7-4695-bb97-901bc304a454",
                  "isHook": false,
                  "skipped": false
                }
              ],
              "suites": [],
              "passes": [
                "9c1e2f19-8114-45c8-8c55-86657f04404a"
              ],
              "failures": [],
              "pending": [],
              "skipped": [],
              "duration": 1875,
              "root": false,
              "rootEmpty": false,
              "_timeout": 2000
            }
          ],
          "passes": [],
          "failures": [],
          "pending": [],
          "skipped": [],
          "duration": 0,
          "root": false,
          "rootEmpty": false,
          "_timeout": 2000
        }
      ],
      "passes": [],
      "failures": [],
      "pending": [],
      "skipped": [],
      "duration": 0,
      "root": true,
      "rootEmpty": true,
      "_timeout": 2000
    }
  ],
  "meta": {
    "mocha": {
      "version": "7.0.1"
    },
    "mochawesome": {
      "options": {
        "quiet": false,
        "reportFilename": "mochawesome",
        "saveHtml": false,
        "saveJson": true,
        "consoleReporter": "spec",
        "useInlineDiffs": false,
        "code": true
      },
      "version": "7.1.3"
    },
    "marge": {
      "options": {
        "overwrite": false,
        "html": false,
        "json": true,
        "reportDir": "cypress\\reports\\html\\.jsons"
      },
      "version": "6.2.0"
    }
  }
}