{
  "stats": {
    "suites": 2,
    "tests": 1,
    "passes": 1,
    "pending": 0,
    "failures": 0,
    "start": "2024-06-24T23:11:06.705Z",
    "end": "2024-06-24T23:11:12.446Z",
    "duration": 5741,
    "testsRegistered": 1,
    "passPercent": 100,
    "pendingPercent": 0,
    "other": 0,
    "hasOther": false,
    "skipped": 0,
    "hasSkipped": false
  },
  "results": [
    {
      "uuid": "33522a21-a5d7-407d-868b-876295cfe369",
      "title": "",
      "fullFile": "cypress\\integration\\contact.spec.js",
      "file": "cypress\\integration\\contact.spec.js",
      "beforeHooks": [],
      "afterHooks": [],
      "tests": [],
      "suites": [
        {
          "uuid": "e0baa46b-96ca-480f-b1a7-1a686d73bd33",
          "title": "Bank Account Management",
          "fullFile": "",
          "file": "",
          "beforeHooks": [],
          "afterHooks": [],
          "tests": [],
          "suites": [
            {
              "uuid": "70551389-ae7f-4657-9bc2-35991c593888",
              "title": "Bank Account addition",
              "fullFile": "",
              "file": "",
              "beforeHooks": [],
              "afterHooks": [],
              "tests": [
                {
                  "title": "should navigate to Bank Accounts and add a new account",
                  "fullTitle": "Bank Account Management Bank Account addition should navigate to Bank Accounts and add a new account",
                  "timedOut": null,
                  "duration": 5630,
                  "state": "passed",
                  "speed": "medium",
                  "pass": true,
                  "fail": false,
                  "pending": false,
                  "context": null,
                  "code": "// Use custom command to log in\ncy.visit(`${baseUrl}/login`);\ncy.login('Heath93', 's3cret');\n// Use custom command to create a new bank account\ncy.createBankAccount('ABCDE', '123456789', '987654321');\n// Assert that the new bank account appears in the bank account list\ncy.contains('ABCDE').should('exist');\n// Use custom command to log out\ncy.logout();\n// Verify that the user is redirected to the login page\ncy.url().should('include', '/signin');\n// Alternatively, check if the login form is visible\ncy.get('form').should('be.visible');",
                  "err": {},
                  "uuid": "70fd7042-bb9a-4e9f-a0bb-f643c0529c12",
                  "parentUUID": "70551389-ae7f-4657-9bc2-35991c593888",
                  "isHook": false,
                  "skipped": false
                }
              ],
              "suites": [],
              "passes": [
                "70fd7042-bb9a-4e9f-a0bb-f643c0529c12"
              ],
              "failures": [],
              "pending": [],
              "skipped": [],
              "duration": 5630,
              "root": false,
              "rootEmpty": false,
              "_timeout": 2000
            }
          ],
          "passes": [],
          "failures": [],
          "pending": [],
          "skipped": [],
          "duration": 0,
          "root": false,
          "rootEmpty": false,
          "_timeout": 2000
        }
      ],
      "passes": [],
      "failures": [],
      "pending": [],
      "skipped": [],
      "duration": 0,
      "root": true,
      "rootEmpty": true,
      "_timeout": 2000
    }
  ],
  "meta": {
    "mocha": {
      "version": "7.0.1"
    },
    "mochawesome": {
      "options": {
        "quiet": false,
        "reportFilename": "mochawesome",
        "saveHtml": false,
        "saveJson": true,
        "consoleReporter": "spec",
        "useInlineDiffs": false,
        "code": true
      },
      "version": "7.1.3"
    },
    "marge": {
      "options": {
        "overwrite": false,
        "html": false,
        "json": true,
        "reportDir": "cypress\\reports\\html\\.jsons"
      },
      "version": "6.2.0"
    }
  }
}