{
  "stats": {
    "suites": 4,
    "tests": 10,
    "passes": 10,
    "pending": 0,
    "failures": 0,
    "start": "2024-06-24T19:17:55.633Z",
    "end": "2024-06-24T19:18:17.862Z",
    "duration": 22229,
    "testsRegistered": 10,
    "passPercent": 100,
    "pendingPercent": 0,
    "other": 0,
    "hasOther": false,
    "skipped": 0,
    "hasSkipped": false
  },
  "results": [
    {
      "uuid": "fdc71594-32f4-4d0d-a5e1-8049aa00c479",
      "title": "",
      "fullFile": "cypress\\integration\\userAuthenticatio.spec.js",
      "file": "cypress\\integration\\userAuthenticatio.spec.js",
      "beforeHooks": [],
      "afterHooks": [],
      "tests": [],
      "suites": [
        {
          "uuid": "f19ab11a-b3bc-4dab-8185-ba54e08bbb24",
          "title": "User Authentication Test",
          "fullFile": "",
          "file": "",
          "beforeHooks": [],
          "afterHooks": [],
          "tests": [],
          "suites": [
            {
              "uuid": "13657dfd-1a8b-4f24-ac4f-878e03a48970",
              "title": "Sign Up",
              "fullFile": "",
              "file": "",
              "beforeHooks": [],
              "afterHooks": [],
              "tests": [
                {
                  "title": "should allow a user to sign up successfully",
                  "fullTitle": "User Authentication Test Sign Up should allow a user to sign up successfully",
                  "timedOut": null,
                  "duration": 3864,
                  "state": "passed",
                  "speed": "fast",
                  "pass": true,
                  "fail": false,
                  "pending": false,
                  "context": null,
                  "code": "cy.visit(`${baseUrl}/signup`);\ncy.fillSignUpForm('Shivani', 'Vaidya', 'shivani', 'password123', 'password123');",
                  "err": {},
                  "uuid": "227a53d6-1e26-4393-9c84-40c7c35caf7e",
                  "parentUUID": "13657dfd-1a8b-4f24-ac4f-878e03a48970",
                  "isHook": false,
                  "skipped": false
                },
                {
                  "title": "should show an error message for invalid username",
                  "fullTitle": "User Authentication Test Sign Up should show an error message for invalid username",
                  "timedOut": null,
                  "duration": 2721,
                  "state": "passed",
                  "speed": "fast",
                  "pass": true,
                  "fail": false,
                  "pending": false,
                  "context": null,
                  "code": "cy.visit(`${baseUrl}/signup`);\ncy.fillSignUpForm('Shivani', 'Vaidya', '12', 'password123', 'password123');\n// cy.checkErrorMessage('Username is required');",
                  "err": {},
                  "uuid": "20fe9f07-c8cc-4c64-ac05-d000018a5825",
                  "parentUUID": "13657dfd-1a8b-4f24-ac4f-878e03a48970",
                  "isHook": false,
                  "skipped": false
                },
                {
                  "title": "should show an error message for invalid password",
                  "fullTitle": "User Authentication Test Sign Up should show an error message for invalid password",
                  "timedOut": null,
                  "duration": 2007,
                  "state": "passed",
                  "speed": "fast",
                  "pass": true,
                  "fail": false,
                  "pending": false,
                  "context": null,
                  "code": "cy.visit(`${baseUrl}/signup`);\ncy.fillSignUpForm('Shivani', 'Vaidya', 'shivani', '12', '');\n//cy.checkErrorMessage('Password is required');",
                  "err": {},
                  "uuid": "a281eccf-0b46-4244-94ac-b044be487f5f",
                  "parentUUID": "13657dfd-1a8b-4f24-ac4f-878e03a48970",
                  "isHook": false,
                  "skipped": false
                },
                {
                  "title": "should show an error message when passwords do not match",
                  "fullTitle": "User Authentication Test Sign Up should show an error message when passwords do not match",
                  "timedOut": null,
                  "duration": 2533,
                  "state": "passed",
                  "speed": "fast",
                  "pass": true,
                  "fail": false,
                  "pending": false,
                  "context": null,
                  "code": "cy.visit(`${baseUrl}/signup`);\ncy.fillSignUpForm('Shivani', 'Vaidya', 'shivani', 'password123', 'differentpassword');\n// cy.checkErrorMessage('Passwords do not match');",
                  "err": {},
                  "uuid": "27a8880f-89d4-428d-a77c-bd349569e106",
                  "parentUUID": "13657dfd-1a8b-4f24-ac4f-878e03a48970",
                  "isHook": false,
                  "skipped": false
                },
                {
                  "title": "should show an error message for weak password",
                  "fullTitle": "User Authentication Test Sign Up should show an error message for weak password",
                  "timedOut": null,
                  "duration": 2274,
                  "state": "passed",
                  "speed": "fast",
                  "pass": true,
                  "fail": false,
                  "pending": false,
                  "context": null,
                  "code": "cy.visit(`${baseUrl}/signup`);\ncy.fillSignUpForm('Shivani', 'Vaidya', 'shivani', 'shiv', 'shiv');\n// cy.checkErrorMessage('Password must be at least 8 characters long');",
                  "err": {},
                  "uuid": "c8ddd76c-dbec-49c9-b6c1-e833180446d8",
                  "parentUUID": "13657dfd-1a8b-4f24-ac4f-878e03a48970",
                  "isHook": false,
                  "skipped": false
                }
              ],
              "suites": [],
              "passes": [
                "227a53d6-1e26-4393-9c84-40c7c35caf7e",
                "20fe9f07-c8cc-4c64-ac05-d000018a5825",
                "a281eccf-0b46-4244-94ac-b044be487f5f",
                "27a8880f-89d4-428d-a77c-bd349569e106",
                "c8ddd76c-dbec-49c9-b6c1-e833180446d8"
              ],
              "failures": [],
              "pending": [],
              "skipped": [],
              "duration": 13399,
              "root": false,
              "rootEmpty": false,
              "_timeout": 2000
            },
            {
              "uuid": "0155e735-0658-438d-9a2e-21b422c7fb55",
              "title": "Log In",
              "fullFile": "",
              "file": "",
              "beforeHooks": [],
              "afterHooks": [],
              "tests": [
                {
                  "title": "should allow a user to log in successfully",
                  "fullTitle": "User Authentication Test Log In should allow a user to log in successfully",
                  "timedOut": null,
                  "duration": 1485,
                  "state": "passed",
                  "speed": "fast",
                  "pass": true,
                  "fail": false,
                  "pending": false,
                  "context": null,
                  "code": "cy.visit(`${baseUrl}/login`);\ncy.login('shivani', 'password123');\n// cy.contains('Logout').should('be.visible');",
                  "err": {},
                  "uuid": "6df3b0bd-3de6-497e-9ede-bacc3bfefbcd",
                  "parentUUID": "0155e735-0658-438d-9a2e-21b422c7fb55",
                  "isHook": false,
                  "skipped": false
                },
                {
                  "title": "should show an error message for valid username but invalid password",
                  "fullTitle": "User Authentication Test Log In should show an error message for valid username but invalid password",
                  "timedOut": null,
                  "duration": 1558,
                  "state": "passed",
                  "speed": "fast",
                  "pass": true,
                  "fail": false,
                  "pending": false,
                  "context": null,
                  "code": "cy.visit(`${baseUrl}/login`);\ncy.login('shivani', 'wrongpassword');\n//cy.checkErrorMessage('Invalid username or password');",
                  "err": {},
                  "uuid": "95150913-27e2-49ec-b71d-14633ad75bc5",
                  "parentUUID": "0155e735-0658-438d-9a2e-21b422c7fb55",
                  "isHook": false,
                  "skipped": false
                },
                {
                  "title": "should show an error message for invalid username but valid password",
                  "fullTitle": "User Authentication Test Log In should show an error message for invalid username but valid password",
                  "timedOut": null,
                  "duration": 1737,
                  "state": "passed",
                  "speed": "fast",
                  "pass": true,
                  "fail": false,
                  "pending": false,
                  "context": null,
                  "code": "cy.visit(`${baseUrl}/login`);\ncy.login('wrongusername', 'password123');\n//cy.checkErrorMessage('Invalid username or password');",
                  "err": {},
                  "uuid": "4b3f5157-843f-4595-afbf-c54ad2cf66d1",
                  "parentUUID": "0155e735-0658-438d-9a2e-21b422c7fb55",
                  "isHook": false,
                  "skipped": false
                },
                {
                  "title": "should show an error message for invalid username and password",
                  "fullTitle": "User Authentication Test Log In should show an error message for invalid username and password",
                  "timedOut": null,
                  "duration": 1699,
                  "state": "passed",
                  "speed": "fast",
                  "pass": true,
                  "fail": false,
                  "pending": false,
                  "context": null,
                  "code": "cy.visit(`${baseUrl}/login`);\ncy.login('wrongusername', 'wrongpassword');\n// cy.checkErrorMessage('Invalid username or password');",
                  "err": {},
                  "uuid": "8adcc9f5-4c44-40b8-99e3-7c522620b36a",
                  "parentUUID": "0155e735-0658-438d-9a2e-21b422c7fb55",
                  "isHook": false,
                  "skipped": false
                }
              ],
              "suites": [],
              "passes": [
                "6df3b0bd-3de6-497e-9ede-bacc3bfefbcd",
                "95150913-27e2-49ec-b71d-14633ad75bc5",
                "4b3f5157-843f-4595-afbf-c54ad2cf66d1",
                "8adcc9f5-4c44-40b8-99e3-7c522620b36a"
              ],
              "failures": [],
              "pending": [],
              "skipped": [],
              "duration": 6479,
              "root": false,
              "rootEmpty": false,
              "_timeout": 2000
            },
            {
              "uuid": "9aad246e-b092-41af-9747-e98dba75b0ba",
              "title": "Logout Functionality",
              "fullFile": "",
              "file": "",
              "beforeHooks": [],
              "afterHooks": [],
              "tests": [
                {
                  "title": "should log the user out and redirect to the login page",
                  "fullTitle": "User Authentication Test Logout Functionality should log the user out and redirect to the login page",
                  "timedOut": null,
                  "duration": 1812,
                  "state": "passed",
                  "speed": "fast",
                  "pass": true,
                  "fail": false,
                  "pending": false,
                  "context": null,
                  "code": "// Visit the homepage\n//cy.visit('http://localhost:3000/');\ncy.visit(`${baseUrl}/login`);\ncy.login('shivani', 'password123');\n// Assuming user is already logged in\n// Locate the logout button and click it\ncy.get('button.MuiButton-containedPrimary').click();\n// Verify that the user is redirected to the login page\ncy.url().should('include', '/signin');\n// Alternatively, check if the login form is visible\ncy.get('form').should('be.visible');",
                  "err": {},
                  "uuid": "427cef71-d17f-4480-8979-9c73fb9e1b03",
                  "parentUUID": "9aad246e-b092-41af-9747-e98dba75b0ba",
                  "isHook": false,
                  "skipped": false
                }
              ],
              "suites": [],
              "passes": [
                "427cef71-d17f-4480-8979-9c73fb9e1b03"
              ],
              "failures": [],
              "pending": [],
              "skipped": [],
              "duration": 1812,
              "root": false,
              "rootEmpty": false,
              "_timeout": 2000
            }
          ],
          "passes": [],
          "failures": [],
          "pending": [],
          "skipped": [],
          "duration": 0,
          "root": false,
          "rootEmpty": false,
          "_timeout": 2000
        }
      ],
      "passes": [],
      "failures": [],
      "pending": [],
      "skipped": [],
      "duration": 0,
      "root": true,
      "rootEmpty": true,
      "_timeout": 2000
    }
  ],
  "meta": {
    "mocha": {
      "version": "7.0.1"
    },
    "mochawesome": {
      "options": {
        "quiet": false,
        "reportFilename": "mochawesome",
        "saveHtml": false,
        "saveJson": true,
        "consoleReporter": "spec",
        "useInlineDiffs": false,
        "code": true
      },
      "version": "7.1.3"
    },
    "marge": {
      "options": {
        "overwrite": false,
        "html": false,
        "json": true,
        "reportDir": "cypress\\reports\\html\\.jsons"
      },
      "version": "6.2.0"
    }
  }
}