{
  "stats": {
    "suites": 4,
    "tests": 10,
    "passes": 10,
    "pending": 0,
    "failures": 0,
    "start": "2024-06-24T18:24:49.970Z",
    "end": "2024-06-24T18:25:03.197Z",
    "duration": 13227,
    "testsRegistered": 10,
    "passPercent": 100,
    "pendingPercent": 0,
    "other": 0,
    "hasOther": false,
    "skipped": 0,
    "hasSkipped": false
  },
  "results": [
    {
      "uuid": "78871c2e-f15f-475a-bc29-569b60a5a794",
      "title": "",
      "fullFile": "cypress\\integration\\userAuthenticatio.spec.js",
      "file": "cypress\\integration\\userAuthenticatio.spec.js",
      "beforeHooks": [],
      "afterHooks": [],
      "tests": [],
      "suites": [
        {
          "uuid": "7bf4fbbf-5f88-482c-b2ed-c7d1c2652343",
          "title": "User Authentication Test",
          "fullFile": "",
          "file": "",
          "beforeHooks": [],
          "afterHooks": [],
          "tests": [],
          "suites": [
            {
              "uuid": "14b8af0a-2c99-43e4-b3f4-3f045141d0ab",
              "title": "Sign Up",
              "fullFile": "",
              "file": "",
              "beforeHooks": [],
              "afterHooks": [],
              "tests": [
                {
                  "title": "should allow a user to sign up successfully",
                  "fullTitle": "User Authentication Test Sign Up should allow a user to sign up successfully",
                  "timedOut": null,
                  "duration": 2278,
                  "state": "passed",
                  "speed": "fast",
                  "pass": true,
                  "fail": false,
                  "pending": false,
                  "context": null,
                  "code": "cy.visit(`${baseUrl}/signup`);\ncy.fillSignUpForm('Shivani', 'Vaidya', 'shivani', 'password123', 'password123');",
                  "err": {},
                  "uuid": "17f3647a-965a-42e1-b863-a99c35fcfd5c",
                  "parentUUID": "14b8af0a-2c99-43e4-b3f4-3f045141d0ab",
                  "isHook": false,
                  "skipped": false
                },
                {
                  "title": "should show an error message for invalid username",
                  "fullTitle": "User Authentication Test Sign Up should show an error message for invalid username",
                  "timedOut": null,
                  "duration": 1647,
                  "state": "passed",
                  "speed": "fast",
                  "pass": true,
                  "fail": false,
                  "pending": false,
                  "context": null,
                  "code": "cy.visit(`${baseUrl}/signup`);\ncy.fillSignUpForm('Shivani', 'Vaidya', '12', 'password123', 'password123');\n// cy.checkErrorMessage('Username is required');",
                  "err": {},
                  "uuid": "ab916d94-2fd0-4c7e-b654-c30c7b8574a4",
                  "parentUUID": "14b8af0a-2c99-43e4-b3f4-3f045141d0ab",
                  "isHook": false,
                  "skipped": false
                },
                {
                  "title": "should show an error message for invalid password",
                  "fullTitle": "User Authentication Test Sign Up should show an error message for invalid password",
                  "timedOut": null,
                  "duration": 1181,
                  "state": "passed",
                  "speed": "fast",
                  "pass": true,
                  "fail": false,
                  "pending": false,
                  "context": null,
                  "code": "cy.visit(`${baseUrl}/signup`);\ncy.fillSignUpForm('Shivani', 'Vaidya', 'shivani', '12', '');\n//cy.checkErrorMessage('Password is required');",
                  "err": {},
                  "uuid": "a9c4731f-c91f-41f4-9460-be7d73c8195b",
                  "parentUUID": "14b8af0a-2c99-43e4-b3f4-3f045141d0ab",
                  "isHook": false,
                  "skipped": false
                },
                {
                  "title": "should show an error message when passwords do not match",
                  "fullTitle": "User Authentication Test Sign Up should show an error message when passwords do not match",
                  "timedOut": null,
                  "duration": 1676,
                  "state": "passed",
                  "speed": "fast",
                  "pass": true,
                  "fail": false,
                  "pending": false,
                  "context": null,
                  "code": "cy.visit(`${baseUrl}/signup`);\ncy.fillSignUpForm('Shivani', 'Vaidya', 'shivani', 'password123', 'differentpassword');\n// cy.checkErrorMessage('Passwords do not match');",
                  "err": {},
                  "uuid": "abf886d8-3b5c-43a0-bbcc-04cf47ffd1d6",
                  "parentUUID": "14b8af0a-2c99-43e4-b3f4-3f045141d0ab",
                  "isHook": false,
                  "skipped": false
                },
                {
                  "title": "should show an error message for weak password",
                  "fullTitle": "User Authentication Test Sign Up should show an error message for weak password",
                  "timedOut": null,
                  "duration": 1401,
                  "state": "passed",
                  "speed": "fast",
                  "pass": true,
                  "fail": false,
                  "pending": false,
                  "context": null,
                  "code": "cy.visit(`${baseUrl}/signup`);\ncy.fillSignUpForm('Shivani', 'Vaidya', 'shivani', 'shiv', 'shiv');\n// cy.checkErrorMessage('Password must be at least 8 characters long');",
                  "err": {},
                  "uuid": "3a32e1d3-39d5-43e9-abea-46d3bc351ae3",
                  "parentUUID": "14b8af0a-2c99-43e4-b3f4-3f045141d0ab",
                  "isHook": false,
                  "skipped": false
                }
              ],
              "suites": [],
              "passes": [
                "17f3647a-965a-42e1-b863-a99c35fcfd5c",
                "ab916d94-2fd0-4c7e-b654-c30c7b8574a4",
                "a9c4731f-c91f-41f4-9460-be7d73c8195b",
                "abf886d8-3b5c-43a0-bbcc-04cf47ffd1d6",
                "3a32e1d3-39d5-43e9-abea-46d3bc351ae3"
              ],
              "failures": [],
              "pending": [],
              "skipped": [],
              "duration": 8183,
              "root": false,
              "rootEmpty": false,
              "_timeout": 2000
            },
            {
              "uuid": "eed3f12c-b579-4d9f-9ba7-760a33d7e792",
              "title": "Log In",
              "fullFile": "",
              "file": "",
              "beforeHooks": [],
              "afterHooks": [],
              "tests": [
                {
                  "title": "should allow a user to log in successfully",
                  "fullTitle": "User Authentication Test Log In should allow a user to log in successfully",
                  "timedOut": null,
                  "duration": 902,
                  "state": "passed",
                  "speed": "fast",
                  "pass": true,
                  "fail": false,
                  "pending": false,
                  "context": null,
                  "code": "cy.visit(`${baseUrl}/login`);\ncy.login('shivani', 'password123');\n// cy.contains('Logout').should('be.visible');",
                  "err": {},
                  "uuid": "e86045f5-fb46-4950-bab1-8b4cb5664cf2",
                  "parentUUID": "eed3f12c-b579-4d9f-9ba7-760a33d7e792",
                  "isHook": false,
                  "skipped": false
                },
                {
                  "title": "should show an error message for valid username but invalid password",
                  "fullTitle": "User Authentication Test Log In should show an error message for valid username but invalid password",
                  "timedOut": null,
                  "duration": 953,
                  "state": "passed",
                  "speed": "fast",
                  "pass": true,
                  "fail": false,
                  "pending": false,
                  "context": null,
                  "code": "cy.visit(`${baseUrl}/login`);\ncy.login('shivani', 'wrongpassword');\n//cy.checkErrorMessage('Invalid username or password');",
                  "err": {},
                  "uuid": "58de9083-7ccc-44ac-bcaf-2b007667d7d7",
                  "parentUUID": "eed3f12c-b579-4d9f-9ba7-760a33d7e792",
                  "isHook": false,
                  "skipped": false
                },
                {
                  "title": "should show an error message for invalid username but valid password",
                  "fullTitle": "User Authentication Test Log In should show an error message for invalid username but valid password",
                  "timedOut": null,
                  "duration": 936,
                  "state": "passed",
                  "speed": "fast",
                  "pass": true,
                  "fail": false,
                  "pending": false,
                  "context": null,
                  "code": "cy.visit(`${baseUrl}/login`);\ncy.login('wrongusername', 'password123');\n//cy.checkErrorMessage('Invalid username or password');",
                  "err": {},
                  "uuid": "595912db-199f-4e62-9099-922d64744f02",
                  "parentUUID": "eed3f12c-b579-4d9f-9ba7-760a33d7e792",
                  "isHook": false,
                  "skipped": false
                },
                {
                  "title": "should show an error message for invalid username and password",
                  "fullTitle": "User Authentication Test Log In should show an error message for invalid username and password",
                  "timedOut": null,
                  "duration": 963,
                  "state": "passed",
                  "speed": "fast",
                  "pass": true,
                  "fail": false,
                  "pending": false,
                  "context": null,
                  "code": "cy.visit(`${baseUrl}/login`);\ncy.login('wrongusername', 'wrongpassword');\n// cy.checkErrorMessage('Invalid username or password');",
                  "err": {},
                  "uuid": "6697a670-7587-486e-a55b-016a05131801",
                  "parentUUID": "eed3f12c-b579-4d9f-9ba7-760a33d7e792",
                  "isHook": false,
                  "skipped": false
                }
              ],
              "suites": [],
              "passes": [
                "e86045f5-fb46-4950-bab1-8b4cb5664cf2",
                "58de9083-7ccc-44ac-bcaf-2b007667d7d7",
                "595912db-199f-4e62-9099-922d64744f02",
                "6697a670-7587-486e-a55b-016a05131801"
              ],
              "failures": [],
              "pending": [],
              "skipped": [],
              "duration": 3754,
              "root": false,
              "rootEmpty": false,
              "_timeout": 2000
            },
            {
              "uuid": "dede05fd-af5b-4334-a8ac-ce5bb4aa50c1",
              "title": "Logout Functionality",
              "fullFile": "",
              "file": "",
              "beforeHooks": [],
              "afterHooks": [],
              "tests": [
                {
                  "title": "should log the user out and redirect to the login page",
                  "fullTitle": "User Authentication Test Logout Functionality should log the user out and redirect to the login page",
                  "timedOut": null,
                  "duration": 960,
                  "state": "passed",
                  "speed": "fast",
                  "pass": true,
                  "fail": false,
                  "pending": false,
                  "context": null,
                  "code": "// Visit the homepage\n//cy.visit('http://localhost:3000/');\ncy.visit(`${baseUrl}/login`);\ncy.login('shivani', 'password123');\n// Assuming user is already logged in\n// Locate the logout button and click it\ncy.get('button.MuiButton-containedPrimary').click();\n// Verify that the user is redirected to the login page\ncy.url().should('include', '/signin');\n// Alternatively, check if the login form is visible\ncy.get('form').should('be.visible');",
                  "err": {},
                  "uuid": "795e4490-af14-44bf-8a39-31d273e6c53d",
                  "parentUUID": "dede05fd-af5b-4334-a8ac-ce5bb4aa50c1",
                  "isHook": false,
                  "skipped": false
                }
              ],
              "suites": [],
              "passes": [
                "795e4490-af14-44bf-8a39-31d273e6c53d"
              ],
              "failures": [],
              "pending": [],
              "skipped": [],
              "duration": 960,
              "root": false,
              "rootEmpty": false,
              "_timeout": 2000
            }
          ],
          "passes": [],
          "failures": [],
          "pending": [],
          "skipped": [],
          "duration": 0,
          "root": false,
          "rootEmpty": false,
          "_timeout": 2000
        }
      ],
      "passes": [],
      "failures": [],
      "pending": [],
      "skipped": [],
      "duration": 0,
      "root": true,
      "rootEmpty": true,
      "_timeout": 2000
    }
  ],
  "meta": {
    "mocha": {
      "version": "7.0.1"
    },
    "mochawesome": {
      "options": {
        "quiet": false,
        "reportFilename": "mochawesome",
        "saveHtml": false,
        "saveJson": true,
        "consoleReporter": "spec",
        "useInlineDiffs": false,
        "code": true
      },
      "version": "7.1.3"
    },
    "marge": {
      "options": {
        "overwrite": false,
        "html": false,
        "json": true,
        "reportDir": "cypress\\reports\\html\\.jsons"
      },
      "version": "6.2.0"
    }
  }
}