{
  "stats": {
    "suites": 4,
    "tests": 10,
    "passes": 10,
    "pending": 0,
    "failures": 0,
    "start": "2024-06-24T19:31:53.646Z",
    "end": "2024-06-24T19:32:15.802Z",
    "duration": 22156,
    "testsRegistered": 10,
    "passPercent": 100,
    "pendingPercent": 0,
    "other": 0,
    "hasOther": false,
    "skipped": 0,
    "hasSkipped": false
  },
  "results": [
    {
      "uuid": "da02fe8f-e841-428d-af33-39be0e0fa243",
      "title": "",
      "fullFile": "cypress\\integration\\userAuthenticatio.spec.js",
      "file": "cypress\\integration\\userAuthenticatio.spec.js",
      "beforeHooks": [],
      "afterHooks": [],
      "tests": [],
      "suites": [
        {
          "uuid": "fe3079fc-e508-4f73-aaba-bdb8b315fa60",
          "title": "User Authentication Test",
          "fullFile": "",
          "file": "",
          "beforeHooks": [],
          "afterHooks": [],
          "tests": [],
          "suites": [
            {
              "uuid": "0f0c0361-ab25-4676-87e2-55c7163c4d69",
              "title": "Sign Up",
              "fullFile": "",
              "file": "",
              "beforeHooks": [],
              "afterHooks": [],
              "tests": [
                {
                  "title": "should allow a user to sign up successfully",
                  "fullTitle": "User Authentication Test Sign Up should allow a user to sign up successfully",
                  "timedOut": null,
                  "duration": 3804,
                  "state": "passed",
                  "speed": "fast",
                  "pass": true,
                  "fail": false,
                  "pending": false,
                  "context": null,
                  "code": "cy.visit(`${baseUrl}/signup`);\ncy.fillSignUpForm('Shivani', 'Vaidya', 'shivani', 'password123', 'password123');",
                  "err": {},
                  "uuid": "4539839d-82e2-4e15-9d29-338f3281f4ad",
                  "parentUUID": "0f0c0361-ab25-4676-87e2-55c7163c4d69",
                  "isHook": false,
                  "skipped": false
                },
                {
                  "title": "should show an error message for invalid username",
                  "fullTitle": "User Authentication Test Sign Up should show an error message for invalid username",
                  "timedOut": null,
                  "duration": 2679,
                  "state": "passed",
                  "speed": "fast",
                  "pass": true,
                  "fail": false,
                  "pending": false,
                  "context": null,
                  "code": "cy.visit(`${baseUrl}/signup`);\ncy.fillSignUpForm('Shivani', 'Vaidya', '12', 'password123', 'password123');\n// cy.checkErrorMessage('Username is required');",
                  "err": {},
                  "uuid": "5941d897-c847-4c32-8b43-b4201898fd1b",
                  "parentUUID": "0f0c0361-ab25-4676-87e2-55c7163c4d69",
                  "isHook": false,
                  "skipped": false
                },
                {
                  "title": "should show an error message for invalid password",
                  "fullTitle": "User Authentication Test Sign Up should show an error message for invalid password",
                  "timedOut": null,
                  "duration": 1970,
                  "state": "passed",
                  "speed": "fast",
                  "pass": true,
                  "fail": false,
                  "pending": false,
                  "context": null,
                  "code": "cy.visit(`${baseUrl}/signup`);\ncy.fillSignUpForm('Shivani', 'Vaidya', 'shivani', '12', '');\n//cy.checkErrorMessage('Password is required');",
                  "err": {},
                  "uuid": "a55f5795-f93a-4dda-ac49-988846b93051",
                  "parentUUID": "0f0c0361-ab25-4676-87e2-55c7163c4d69",
                  "isHook": false,
                  "skipped": false
                },
                {
                  "title": "should show an error message when passwords do not match",
                  "fullTitle": "User Authentication Test Sign Up should show an error message when passwords do not match",
                  "timedOut": null,
                  "duration": 2583,
                  "state": "passed",
                  "speed": "fast",
                  "pass": true,
                  "fail": false,
                  "pending": false,
                  "context": null,
                  "code": "cy.visit(`${baseUrl}/signup`);\ncy.fillSignUpForm('Shivani', 'Vaidya', 'shivani', 'password123', 'differentpassword');\n// cy.checkErrorMessage('Passwords do not match');",
                  "err": {},
                  "uuid": "57e1882e-0a27-4e06-ac27-695ec5166e8c",
                  "parentUUID": "0f0c0361-ab25-4676-87e2-55c7163c4d69",
                  "isHook": false,
                  "skipped": false
                },
                {
                  "title": "should show an error message for weak password",
                  "fullTitle": "User Authentication Test Sign Up should show an error message for weak password",
                  "timedOut": null,
                  "duration": 2270,
                  "state": "passed",
                  "speed": "fast",
                  "pass": true,
                  "fail": false,
                  "pending": false,
                  "context": null,
                  "code": "cy.visit(`${baseUrl}/signup`);\ncy.fillSignUpForm('Shivani', 'Vaidya', 'shivani', 'shiv', 'shiv');\n// cy.checkErrorMessage('Password must be at least 8 characters long');",
                  "err": {},
                  "uuid": "37e4399b-cc4f-40ba-8e19-2e06e8fad97d",
                  "parentUUID": "0f0c0361-ab25-4676-87e2-55c7163c4d69",
                  "isHook": false,
                  "skipped": false
                }
              ],
              "suites": [],
              "passes": [
                "4539839d-82e2-4e15-9d29-338f3281f4ad",
                "5941d897-c847-4c32-8b43-b4201898fd1b",
                "a55f5795-f93a-4dda-ac49-988846b93051",
                "57e1882e-0a27-4e06-ac27-695ec5166e8c",
                "37e4399b-cc4f-40ba-8e19-2e06e8fad97d"
              ],
              "failures": [],
              "pending": [],
              "skipped": [],
              "duration": 13306,
              "root": false,
              "rootEmpty": false,
              "_timeout": 2000
            },
            {
              "uuid": "15c49eb2-9449-4a9a-85bf-38791b5fcaa7",
              "title": "Log In",
              "fullFile": "",
              "file": "",
              "beforeHooks": [],
              "afterHooks": [],
              "tests": [
                {
                  "title": "should allow a user to log in successfully",
                  "fullTitle": "User Authentication Test Log In should allow a user to log in successfully",
                  "timedOut": null,
                  "duration": 1521,
                  "state": "passed",
                  "speed": "fast",
                  "pass": true,
                  "fail": false,
                  "pending": false,
                  "context": null,
                  "code": "cy.visit(`${baseUrl}/login`);\ncy.login('shivani', 'password123');\n// cy.contains('Logout').should('be.visible');",
                  "err": {},
                  "uuid": "3327e40a-79ed-4000-b983-e7d712adf558",
                  "parentUUID": "15c49eb2-9449-4a9a-85bf-38791b5fcaa7",
                  "isHook": false,
                  "skipped": false
                },
                {
                  "title": "should show an error message for valid username but invalid password",
                  "fullTitle": "User Authentication Test Log In should show an error message for valid username but invalid password",
                  "timedOut": null,
                  "duration": 1637,
                  "state": "passed",
                  "speed": "fast",
                  "pass": true,
                  "fail": false,
                  "pending": false,
                  "context": null,
                  "code": "cy.visit(`${baseUrl}/login`);\ncy.login('shivani', 'wrongpassword');\n//cy.checkErrorMessage('Invalid username or password');",
                  "err": {},
                  "uuid": "754d290d-ee23-4278-8728-0aeaf2b6195e",
                  "parentUUID": "15c49eb2-9449-4a9a-85bf-38791b5fcaa7",
                  "isHook": false,
                  "skipped": false
                },
                {
                  "title": "should show an error message for invalid username but valid password",
                  "fullTitle": "User Authentication Test Log In should show an error message for invalid username but valid password",
                  "timedOut": null,
                  "duration": 1642,
                  "state": "passed",
                  "speed": "fast",
                  "pass": true,
                  "fail": false,
                  "pending": false,
                  "context": null,
                  "code": "cy.visit(`${baseUrl}/login`);\ncy.login('wrongusername', 'password123');\n//cy.checkErrorMessage('Invalid username or password');",
                  "err": {},
                  "uuid": "8a1c954c-f39e-44cb-be17-1b250d8d473f",
                  "parentUUID": "15c49eb2-9449-4a9a-85bf-38791b5fcaa7",
                  "isHook": false,
                  "skipped": false
                },
                {
                  "title": "should show an error message for invalid username and password",
                  "fullTitle": "User Authentication Test Log In should show an error message for invalid username and password",
                  "timedOut": null,
                  "duration": 1615,
                  "state": "passed",
                  "speed": "fast",
                  "pass": true,
                  "fail": false,
                  "pending": false,
                  "context": null,
                  "code": "cy.visit(`${baseUrl}/login`);\ncy.login('wrongusername', 'wrongpassword');\n// cy.checkErrorMessage('Invalid username or password');",
                  "err": {},
                  "uuid": "def78c11-f3ae-49f5-be4b-ad8332f302f4",
                  "parentUUID": "15c49eb2-9449-4a9a-85bf-38791b5fcaa7",
                  "isHook": false,
                  "skipped": false
                }
              ],
              "suites": [],
              "passes": [
                "3327e40a-79ed-4000-b983-e7d712adf558",
                "754d290d-ee23-4278-8728-0aeaf2b6195e",
                "8a1c954c-f39e-44cb-be17-1b250d8d473f",
                "def78c11-f3ae-49f5-be4b-ad8332f302f4"
              ],
              "failures": [],
              "pending": [],
              "skipped": [],
              "duration": 6415,
              "root": false,
              "rootEmpty": false,
              "_timeout": 2000
            },
            {
              "uuid": "0035aa81-1331-4470-822e-7f1655f9344c",
              "title": "Logout Functionality",
              "fullFile": "",
              "file": "",
              "beforeHooks": [],
              "afterHooks": [],
              "tests": [
                {
                  "title": "should log the user out and redirect to the login page",
                  "fullTitle": "User Authentication Test Logout Functionality should log the user out and redirect to the login page",
                  "timedOut": null,
                  "duration": 1894,
                  "state": "passed",
                  "speed": "fast",
                  "pass": true,
                  "fail": false,
                  "pending": false,
                  "context": null,
                  "code": "// Visit the homepage\n//cy.visit('http://localhost:3000/');\ncy.visit(`${baseUrl}/login`);\ncy.login('shivani', 'password123');\n// Assuming user is already logged in\n// Locate the logout button and click it\ncy.get('button.MuiButton-containedPrimary').click();\n// Verify that the user is redirected to the login page\ncy.url().should('include', '/signin');\n// Alternatively, check if the login form is visible\ncy.get('form').should('be.visible');",
                  "err": {},
                  "uuid": "33032b7b-7f06-48fa-ad19-1c67699915c5",
                  "parentUUID": "0035aa81-1331-4470-822e-7f1655f9344c",
                  "isHook": false,
                  "skipped": false
                }
              ],
              "suites": [],
              "passes": [
                "33032b7b-7f06-48fa-ad19-1c67699915c5"
              ],
              "failures": [],
              "pending": [],
              "skipped": [],
              "duration": 1894,
              "root": false,
              "rootEmpty": false,
              "_timeout": 2000
            }
          ],
          "passes": [],
          "failures": [],
          "pending": [],
          "skipped": [],
          "duration": 0,
          "root": false,
          "rootEmpty": false,
          "_timeout": 2000
        }
      ],
      "passes": [],
      "failures": [],
      "pending": [],
      "skipped": [],
      "duration": 0,
      "root": true,
      "rootEmpty": true,
      "_timeout": 2000
    }
  ],
  "meta": {
    "mocha": {
      "version": "7.0.1"
    },
    "mochawesome": {
      "options": {
        "quiet": false,
        "reportFilename": "mochawesome",
        "saveHtml": false,
        "saveJson": true,
        "consoleReporter": "spec",
        "useInlineDiffs": false,
        "code": true
      },
      "version": "7.1.3"
    },
    "marge": {
      "options": {
        "overwrite": false,
        "html": false,
        "json": true,
        "reportDir": "cypress\\reports\\html\\.jsons"
      },
      "version": "6.2.0"
    }
  }
}